#
# A fatal error has been detected by the Java Runtime Environment:
#
#  EXCEPTION_ACCESS_VIOLATION (0xc0000005) at pc=0x00007ffb38463d15, pid=9172, tid=952
#
# JRE version: Java(TM) SE Runtime Environment (24.0.1+9) (build 24.0.1+9-30)
# Java VM: Java HotSpot(TM) 64-Bit Server VM (24.0.1+9-30, mixed mode, sharing, tiered, compressed oops, compressed class ptrs, g1 gc, windows-amd64)
# Problematic frame:
# V  [jvm.dll+0x3f3d15]
#
# No core dump will be written. Minidumps are not enabled by default on client versions of Windows
#
# If you would like to submit a bug report, please visit:
#   https://bugreport.java.com/bugreport/crash.jsp
#

---------------  S U M M A R Y ------------

Command Line: -Dfile.encoding=UTF-8 --module-path=C:\openjfx-24.0.1_windows-x64_bin-sdk (1)extract\javafx-sdk-24.0.1\lib --add-modules=javafx.controls,javafx.fxml,javafx.graphics,javafx.media basmosfood.BasmosFood

Host: Intel(R) Core(TM) i7-8565U CPU @ 1.80GHz, 8 cores, 15G,  Windows 11 , 64 bit Build 22621 (10.0.22621.5124)
Time: Thu Jun 12 10:06:39 2025 Mountain Daylight Time elapsed time: 87.897124 seconds (0d 0h 1m 27s)

---------------  T H R E A D  ---------------

Current thread (0x000001ba56391f50):  JavaThread "C2 CompilerThread0" daemon [_thread_in_native, id=952, stack(0x0000009e56800000,0x0000009e56900000) (1024K)]


Current CompileTask:
C2:87897 5078   !   4       com.sun.javafx.tk.quantum.QuantumToolkit::pulse (152 bytes)

Stack: [0x0000009e56800000,0x0000009e56900000],  sp=0x0000009e568fcb60,  free space=1010k
Native frames: (J=compiled Java code, j=interpreted, Vv=VM code, C=native code)
V  [jvm.dll+0x3f3d15]  (no source info available)
V  [jvm.dll+0x206551]  (no source info available)
V  [jvm.dll+0x205f24]  (no source info available)
V  [jvm.dll+0x26f7f0]  (no source info available)
V  [jvm.dll+0x26ea3f]  (no source info available)
V  [jvm.dll+0x1e9d60]  (no source info available)
V  [jvm.dll+0x27e1fb]  (no source info available)
V  [jvm.dll+0x27c49a]  (no source info available)
V  [jvm.dll+0x42f456]  (no source info available)
V  [jvm.dll+0x87d76b]  (no source info available)
V  [jvm.dll+0x72ee55]  (no source info available)
C  [ucrtbase.dll+0x29333]  (no source info available)
C  [KERNEL32.DLL+0x1259d]  (no source info available)
C  [ntdll.dll+0x5af38]  (no source info available)


siginfo: EXCEPTION_ACCESS_VIOLATION (0xc0000005), writing address 0x00007ffb38c08180


Registers:
RAX=0x000bdbfe000bdbe0, RBX=0x000001baa60ee410, RCX=0x0000000000000001, RDX=0x000bdbfe000bdbe0
RSP=0x0000009e568fcb60, RBP=0x0000009e568fcd70, RSI=0x0000000000000000, RDI=0x0000000000000261
R8 =0x0000000200000000, R9 =0x00007ffb38c08178, R10=0x000001ba9c1dbed8, R11=0x0000000000000d97
R12=0x0000000000017b60, R13=0x0000009e568fd110, R14=0x0000000000000021, R15=0x00007ffb38d08178
RIP=0x00007ffb38463d15, EFLAGS=0x0000000000010202

XMM[0]=0x0000000000000000 0x0000000000000000
XMM[1]=0xffffffffffffffff 0xffffffffffffff0f
XMM[2]=0x0000000000000000 0x4017ff9084a40c7a
XMM[3]=0x0000000000000000 0x3fefff6b5b8565f7
XMM[4]=0x0000000000000000 0x3fffff6b5b8565f8
XMM[5]=0x0000000000000000 0x3fffff6b5b8565f8
XMM[6]=0x0000000000000000 0x0000000000000000
XMM[7]=0x0000000000000000 0x0000000000000000
XMM[8]=0x0000000000000000 0x0000000000000000
XMM[9]=0x0000000000000000 0x0000000000000000
XMM[10]=0x0000000000000000 0x0000000000000000
XMM[11]=0x0000000000000000 0x0000000000000000
XMM[12]=0x0000000000000000 0x0000000000000000
XMM[13]=0x0000000000000000 0x0000000000000000
XMM[14]=0x0000000000000000 0x0000000000000000
XMM[15]=0x0000000000000000 0x0000000000000000
  MXCSR=0x00001fa0


Register to memory mapping:

RAX=0x000bdbfe000bdbe0 is an unknown value
RBX=0x000001baa60ee410 points into unknown readable memory: 0x0000000d00000003 | 03 00 00 00 0d 00 00 00
RCX=0x0000000000000001 is an unknown value
RDX=0x000bdbfe000bdbe0 is an unknown value
RSP=0x0000009e568fcb60 is pointing into the stack for thread: 0x000001ba56391f50
RBP=0x0000009e568fcd70 is pointing into the stack for thread: 0x000001ba56391f50
RSI=0x0 is null
RDI=0x0000000000000261 is an unknown value
R8 =0x0000000200000000 is an unknown value
R9 =0x00007ffb38c08178 jvm.dll
R10=0x000001ba9c1dbed8 points into unknown readable memory: 0x0000000000000000 | 00 00 00 00 00 00 00 00
R11=0x0000000000000d97 is an unknown value
R12=0x0000000000017b60 is an unknown value
R13=0x0000009e568fd110 is pointing into the stack for thread: 0x000001ba56391f50
R14=0x0000000000000021 is an unknown value
R15=0x00007ffb38d08178 jvm.dll

Top of Stack: (sp=0x0000009e568fcb60)
0x0000009e568fcb60:   000001baa60cffb0 0000009e568fcd70   ........p..V....
0x0000009e568fcb70:   0000000000000000 0000000000000000   ................
0x0000009e568fcb80:   0000000000000000 000000020000056c   ........l.......
0x0000009e568fcb90:   0000000e00000006 000001ba9c1d0040   ........@.......
0x0000009e568fcba0:   000001baa60cfd40 000001baa60cfd30   @.......0.......
0x0000009e568fcbb0:   0000000000000261 0000000000000000   a...............
0x0000009e568fcbc0:   0000000000000000 00007ffb38276551   ........Qe'8....
0x0000009e568fcbd0:   0000000000007534 0000000000000000   4u..............
0x0000009e568fcbe0:   000001baa639a508 00007ffb382def00   ..9.......-8....
0x0000009e568fcbf0:   0000000000000000 0000000300000d97   ................
0x0000009e568fcc00:   0000000e0000000e 000001ba564096e0   ..........@V....
0x0000009e568fcc10:   000001baa60cfc00 000001baa60cfbf0   ................
0x0000009e568fcc20:   0000000000000000 0000000000000000   ................
0x0000009e568fcc30:   0000000000000000 0000000000000000   ................
0x0000009e568fcc40:   0000000000000000 00007ffb38b13470   ........p4.8....
0x0000009e568fcc50:   0000000000000000 0000009e568fe5e0   ...........V....
0x0000009e568fcc60:   0000000000000000 0000000000000000   ................
0x0000009e568fcc70:   000001ba56545d40 0000009e568fd1f0   @]TV.......V....
0x0000009e568fcc80:   000001ba56545d50 0000000000000000   P]TV............
0x0000009e568fcc90:   0000000000000001 0000009e568fcdb0   ...........V....
0x0000009e568fcca0:   0000009e568fd110 00007ffb38275f24   ...V....$_'8....
0x0000009e568fccb0:   0000009e00007534 0000000000000000   4u..............
0x0000009e568fccc0:   000001ba56546128 000001ba56545d40   (aTV....@]TV....
0x0000009e568fccd0:   0000000000000000 0000000000000000   ................
0x0000009e568fcce0:   0000000000000107 00000000001af5e0   ................
0x0000009e568fccf0:   000001ba56545d40 000001ba9c0fa800   @]TV............
0x0000009e568fcd00:   000001ba9c0ff030 000001ba9c1027e8   0........'......
0x0000009e568fcd10:   000001ba56545d50 0000000000000000   P]TV............
0x0000009e568fcd20:   0000000000000000 0000000000000000   ................
0x0000009e568fcd30:   0000000000000000 0000000000007f00   ................
0x0000009e568fcd40:   0000000000007fd8 00007ffb38b13420   ........ 4.8....
0x0000009e568fcd50:   0000000000000000 0000009e568fe5e0   ...........V....

Instructions: (pc=0x00007ffb38463d15)
  0x00007ffb38463c15:   00 0f 84 2a 01 00 00 33 d2 48 c7 44 24 2c 04 00
  0x00007ffb38463c25:   00 00 48 89 54 24 20 89 54 24 28 4c 89 74 24 78
  0x00007ffb38463c35:   4c 89 bc 24 80 00 00 00 41 39 10 75 06 89 54 24
  0x00007ffb38463c45:   34 eb 08 41 8b 40 04 89 44 24 34 48 89 54 24 38
  0x00007ffb38463c55:   4c 8d 3d 1c 45 8a 00 49 8b 40 08 4c 8b f7 48 89
  0x00007ffb38463c65:   44 24 40 41 83 e6 3f 4c 89 44 24 48 48 89 5c 24
  0x00007ffb38463c75:   70 48 85 d2 74 1d 48 0f bc c2 8b c8 48 d3 ea 8b
  0x00007ffb38463c85:   4c 24 28 48 ff ca 03 c8 48 89 54 24 20 89 4c 24
  0x00007ffb38463c95:   28 eb 26 83 7c 24 2c 04 72 0e 8b 44 24 34 39 44
  0x00007ffb38463ca5:   24 30 0f 83 87 00 00 00 48 8d 4c 24 20 e8 49 4e
  0x00007ffb38463cb5:   00 00 48 8b 54 24 20 8b c8 85 c9 74 72 8b c1 48
  0x00007ffb38463cc5:   8d 1c 80 48 c1 e3 05 48 03 5d 10 85 ff 74 a2 48
  0x00007ffb38463cd5:   8b 43 08 48 8b cf 48 c1 e9 08 4c 8b 0c c8 4d 3b
  0x00007ffb38463ce5:   cf 75 0d 8b d7 48 8b cb e8 ce 4f 00 00 4c 8b c8
  0x00007ffb38463cf5:   49 8b ce 41 b8 01 00 00 00 49 d3 e0 48 8b cf 48
  0x00007ffb38463d05:   c1 e9 06 83 e1 03 49 8b 14 c9 48 8b c2 49 0b c0
=>0x00007ffb38463d15:   49 89 04 c9 49 85 d0 74 0a 48 8b 54 24 20 e9 4e
  0x00007ffb38463d25:   ff ff ff ff 03 48 8b 54 24 20 e9 42 ff ff ff 48
  0x00007ffb38463d35:   8b 5c 24 70 4c 8b 74 24 78 4c 8b bc 24 80 00 00
  0x00007ffb38463d45:   00 48 83 c4 50 5f 5e 5d c3 cc cc 40 55 56 41 55
  0x00007ffb38463d55:   41 57 48 8d 6c 24 d8 48 81 ec 28 01 00 00 41 83
  0x00007ffb38463d65:   38 00 4d 8b f9 48 8b f2 4c 8b e9 0f 84 5d 03 00
  0x00007ffb38463d75:   00 33 c0 4c 89 a4 24 68 01 00 00 44 0f b7 a2 a4
  0x00007ffb38463d85:   00 00 00 41 8b 50 04 48 89 44 24 20 89 44 24 28
  0x00007ffb38463d95:   48 89 44 24 38 49 8b 40 08 48 89 44 24 40 48 c7
  0x00007ffb38463da5:   44 24 2c 04 00 00 00 89 54 24 34 4c 89 44 24 48
  0x00007ffb38463db5:   85 d2 0f 84 0e 03 00 00 48 8d 4c 24 20 e8 39 4d
  0x00007ffb38463dc5:   00 00 8b c8 85 c0 0f 84 fa 02 00 00 48 89 9c 24
  0x00007ffb38463dd5:   50 01 00 00 48 89 bc 24 58 01 00 00 4c 89 b4 24
  0x00007ffb38463de5:   20 01 00 00 0f 1f 80 00 00 00 00 8b c1 48 69 f8
  0x00007ffb38463df5:   b8 00 00 00 49 8b 45 70 48 03 78 20 8b 87 b0 00
  0x00007ffb38463e05:   00 00 0f ba e0 09 0f 82 48 02 00 00 0f 10 47 38


Stack slot to memory mapping:

stack at sp + 0 slots: 0x000001baa60cffb0 points into unknown readable memory: 0x0000000e0000000c | 0c 00 00 00 0e 00 00 00
stack at sp + 1 slots: 0x0000009e568fcd70 is pointing into the stack for thread: 0x000001ba56391f50
stack at sp + 2 slots: 0x0 is null
stack at sp + 3 slots: 0x0 is null
stack at sp + 4 slots: 0x0 is null
stack at sp + 5 slots: 0x000000020000056c is an unknown value
stack at sp + 6 slots: 0x0000000e00000006 is an unknown value
stack at sp + 7 slots: 0x000001ba9c1d0040 points into unknown readable memory: 0x0000000000000000 | 00 00 00 00 00 00 00 00

Lock stack of current Java thread (top to bottom):


---------------  P R O C E S S  ---------------

Threads class SMR info:
_java_thread_list=0x000001ba9ce0a160, length=18, elements={
0x000001ba34b2f6c0, 0x000001ba563851b0, 0x000001ba56385cb0, 0x000001ba5638d290,
0x000001ba5638e690, 0x000001ba5638f420, 0x000001ba56390820, 0x000001ba56391f50,
0x000001ba563a49d0, 0x000001ba564773d0, 0x000001ba9c2433d0, 0x000001ba9d2b5010,
0x000001ba9d320760, 0x000001ba9d322630, 0x000001ba9c71cf20, 0x000001ba9cd08070,
0x000001ba9d1c8f20, 0x000001ba56482290
}

Java Threads: ( => current thread )
  0x000001ba34b2f6c0 JavaThread "main"                              [_thread_blocked, id=15060, stack(0x0000009e55a00000,0x0000009e55b00000) (1024K)]
  0x000001ba563851b0 JavaThread "Reference Handler"          daemon [_thread_blocked, id=6284, stack(0x0000009e56200000,0x0000009e56300000) (1024K)]
  0x000001ba56385cb0 JavaThread "Finalizer"                  daemon [_thread_blocked, id=7992, stack(0x0000009e56300000,0x0000009e56400000) (1024K)]
  0x000001ba5638d290 JavaThread "Signal Dispatcher"          daemon [_thread_blocked, id=14280, stack(0x0000009e56400000,0x0000009e56500000) (1024K)]
  0x000001ba5638e690 JavaThread "Attach Listener"            daemon [_thread_blocked, id=14596, stack(0x0000009e56500000,0x0000009e56600000) (1024K)]
  0x000001ba5638f420 JavaThread "Service Thread"             daemon [_thread_blocked, id=13332, stack(0x0000009e56600000,0x0000009e56700000) (1024K)]
  0x000001ba56390820 JavaThread "Monitor Deflation Thread"   daemon [_thread_blocked, id=4800, stack(0x0000009e56700000,0x0000009e56800000) (1024K)]
=>0x000001ba56391f50 JavaThread "C2 CompilerThread0"         daemon [_thread_in_native, id=952, stack(0x0000009e56800000,0x0000009e56900000) (1024K)]
  0x000001ba563a49d0 JavaThread "C1 CompilerThread0"         daemon [_thread_blocked, id=13528, stack(0x0000009e56900000,0x0000009e56a00000) (1024K)]
  0x000001ba564773d0 JavaThread "Common-Cleaner"             daemon [_thread_blocked, id=14412, stack(0x0000009e56a00000,0x0000009e56b00000) (1024K)]
  0x000001ba9c2433d0 JavaThread "Notification Thread"        daemon [_thread_blocked, id=652, stack(0x0000009e56d00000,0x0000009e56e00000) (1024K)]
  0x000001ba9d2b5010 JavaThread "QuantumRenderer-0"          daemon [_thread_blocked, id=8916, stack(0x0000009e56e00000,0x0000009e56f00000) (1024K)]
  0x000001ba9d320760 JavaThread "InvokeLaterDispatcher"      daemon [_thread_blocked, id=10880, stack(0x0000009e56f00000,0x0000009e57000000) (1024K)]
  0x000001ba9d322630 JavaThread "JavaFX Application Thread"         [_thread_in_native, id=11452, stack(0x0000009e57000000,0x0000009e57100000) (1024K)]
  0x000001ba9c71cf20 JavaThread "Thread-1"                   daemon [_thread_in_native, id=6628, stack(0x0000009e57800000,0x0000009e57900000) (1024K)]
  0x000001ba9cd08070 JavaThread "JavaFX-Launcher"                   [_thread_blocked, id=5168, stack(0x0000009e57900000,0x0000009e57a00000) (1024K)]
  0x000001ba9d1c8f20 JavaThread "Prism Font Disposer"        daemon [_thread_blocked, id=3500, stack(0x0000009e57a00000,0x0000009e57b00000) (1024K)]
  0x000001ba56482290 JavaThread "Cleaner-0"                  daemon [_thread_blocked, id=13860, stack(0x0000009e56b00000,0x0000009e56c00000) (1024K)]
Total: 18

Other Threads:
  0x000001ba56374760 VMThread "VM Thread"                           [id=13324, stack(0x0000009e56100000,0x0000009e56200000) (1024K)]
  0x000001ba56362a00 WatcherThread "VM Periodic Task Thread"        [id=8780, stack(0x0000009e56000000,0x0000009e56100000) (1024K)]
  0x000001ba36ea22f0 WorkerThread "GC Thread#0"                     [id=12088, stack(0x0000009e55b00000,0x0000009e55c00000) (1024K)]
  0x000001ba9d0aa090 WorkerThread "GC Thread#1"                     [id=13588, stack(0x0000009e57b00000,0x0000009e57c00000) (1024K)]
  0x000001ba9d0e2070 WorkerThread "GC Thread#2"                     [id=2428, stack(0x0000009e57c00000,0x0000009e57d00000) (1024K)]
  0x000001ba9d0e2420 WorkerThread "GC Thread#3"                     [id=15048, stack(0x0000009e57d00000,0x0000009e57e00000) (1024K)]
  0x000001ba9d0f19f0 WorkerThread "GC Thread#4"                     [id=7812, stack(0x0000009e57e00000,0x0000009e57f00000) (1024K)]
  0x000001ba9c6d0da0 WorkerThread "GC Thread#5"                     [id=12732, stack(0x0000009e57f00000,0x0000009e58000000) (1024K)]
  0x000001ba36eb7fa0 ConcurrentGCThread "G1 Main Marker"            [id=9064, stack(0x0000009e55c00000,0x0000009e55d00000) (1024K)]
  0x000001ba36eb8c30 WorkerThread "G1 Conc#0"                       [id=9380, stack(0x0000009e55d00000,0x0000009e55e00000) (1024K)]
  0x000001ba56224180 ConcurrentGCThread "G1 Refine#0"               [id=1704, stack(0x0000009e55e00000,0x0000009e55f00000) (1024K)]
  0x000001ba56224b10 ConcurrentGCThread "G1 Service"                [id=2272, stack(0x0000009e55f00000,0x0000009e56000000) (1024K)]
Total: 12

Threads with active compile tasks:
C2 CompilerThread0  88142 5078   !   4       com.sun.javafx.tk.quantum.QuantumToolkit::pulse (152 bytes)
Total: 1

VM state: not at safepoint (normal execution)

VM Mutex/Monitor currently owned by a thread: None

Heap address: 0x0000000702e00000, size: 4050 MB, Compressed Oops mode: Zero based, Oop shift amount: 3

CDS archive(s) mapped at: [0x000001ba57000000-0x000001ba57d40000-0x000001ba57d40000), size 13893632, SharedBaseAddress: 0x000001ba57000000, ArchiveRelocationMode: 1.
Compressed class space mapped at: 0x000001ba58000000-0x000001ba98000000, reserved size: 1073741824
UseCompressedClassPointers 1, UseCompactObjectHeaders 0
Narrow klass pointer bits 32, Max shift 3
Narrow klass base: 0x000001ba57000000, Narrow klass shift: 0
Encoding Range: [0x000001ba57000000 - 0x000001bb57000000), (4294967296 bytes)
Klass Range:    [0x000001ba57000000 - 0x000001ba98000000), (1090519040 bytes)
Klass ID Range:  [8 - 1090519033) (1090519025)

GC Precious Log:
 CardTable entry size: 512
 Card Set container configuration: InlinePtr #cards 4 size 8 Array Of Cards #cards 16 size 48 Howl #buckets 8 coarsen threshold 3686 Howl Bitmap #cards 512 size 80 coarsen threshold 460 Card regions per heap region 1 cards per card region 4096
 CPUs: 8 total, 8 available
 Memory: 16198M
 Large Page Support: Disabled
 NUMA Support: Disabled
 Compressed Oops: Enabled (Zero based)
 Heap Region Size: 2M
 Heap Min Capacity: 8M
 Heap Initial Capacity: 254M
 Heap Max Capacity: 4050M
 Pre-touch: Disabled
 Parallel Workers: 8
 Concurrent Workers: 2
 Concurrent Refinement Workers: 8
 Periodic GC: Disabled

Heap:
 garbage-first heap   total reserved 4147200K, committed 262144K, used 100852K [0x0000000702e00000, 0x0000000800000000)
  region size 2048K, 48 young (98304K), 3 survivors (6144K)
 Metaspace       used 18527K, committed 18816K, reserved 1114112K
  class space    used 2605K, committed 2752K, reserved 1048576K

Heap Regions: E=young(eden), S=young(survivor), O=old, HS=humongous(starts), HC=humongous(continues), CS=collection set, F=free, TAMS=top-at-mark-start, PB=parsable bottom
|   0|0x0000000702e00000, 0x0000000703000000, 0x0000000703000000|100%|HS|  |TAMS 0x0000000702e00000| PB 0x0000000702e00000| Complete |  0
|   1|0x0000000703000000, 0x0000000703200000, 0x0000000703200000|100%|HS|  |TAMS 0x0000000703000000| PB 0x0000000703000000| Complete |  0
|   2|0x0000000703200000, 0x0000000703400000, 0x0000000703400000|100%|HS|  |TAMS 0x0000000703200000| PB 0x0000000703200000| Complete |  0
|   3|0x0000000703400000, 0x0000000703400000, 0x0000000703600000|  0%| F|  |TAMS 0x0000000703400000| PB 0x0000000703400000| Untracked |  0
|   4|0x0000000703600000, 0x0000000703600000, 0x0000000703800000|  0%| F|  |TAMS 0x0000000703600000| PB 0x0000000703600000| Untracked |  0
|   5|0x0000000703800000, 0x0000000703800000, 0x0000000703a00000|  0%| F|  |TAMS 0x0000000703800000| PB 0x0000000703800000| Untracked |  0
|   6|0x0000000703a00000, 0x0000000703a00000, 0x0000000703c00000|  0%| F|  |TAMS 0x0000000703a00000| PB 0x0000000703a00000| Untracked |  0
|   7|0x0000000703c00000, 0x0000000703c00000, 0x0000000703e00000|  0%| F|  |TAMS 0x0000000703c00000| PB 0x0000000703c00000| Untracked |  0
|   8|0x0000000703e00000, 0x0000000703e00000, 0x0000000704000000|  0%| F|  |TAMS 0x0000000703e00000| PB 0x0000000703e00000| Untracked |  0
|   9|0x0000000704000000, 0x0000000704000000, 0x0000000704200000|  0%| F|  |TAMS 0x0000000704000000| PB 0x0000000704000000| Untracked |  0
|  10|0x0000000704200000, 0x0000000704200000, 0x0000000704400000|  0%| F|  |TAMS 0x0000000704200000| PB 0x0000000704200000| Untracked |  0
|  11|0x0000000704400000, 0x0000000704400000, 0x0000000704600000|  0%| F|  |TAMS 0x0000000704400000| PB 0x0000000704400000| Untracked |  0
|  12|0x0000000704600000, 0x0000000704600000, 0x0000000704800000|  0%| F|  |TAMS 0x0000000704600000| PB 0x0000000704600000| Untracked |  0
|  13|0x0000000704800000, 0x0000000704800000, 0x0000000704a00000|  0%| F|  |TAMS 0x0000000704800000| PB 0x0000000704800000| Untracked |  0
|  14|0x0000000704a00000, 0x0000000704a00000, 0x0000000704c00000|  0%| F|  |TAMS 0x0000000704a00000| PB 0x0000000704a00000| Untracked |  0
|  15|0x0000000704c00000, 0x0000000704c00000, 0x0000000704e00000|  0%| F|  |TAMS 0x0000000704c00000| PB 0x0000000704c00000| Untracked |  0
|  16|0x0000000704e00000, 0x0000000704e00000, 0x0000000705000000|  0%| F|  |TAMS 0x0000000704e00000| PB 0x0000000704e00000| Untracked |  0
|  17|0x0000000705000000, 0x0000000705000000, 0x0000000705200000|  0%| F|  |TAMS 0x0000000705000000| PB 0x0000000705000000| Untracked |  0
|  18|0x0000000705200000, 0x0000000705200000, 0x0000000705400000|  0%| F|  |TAMS 0x0000000705200000| PB 0x0000000705200000| Untracked |  0
|  19|0x0000000705400000, 0x0000000705400000, 0x0000000705600000|  0%| F|  |TAMS 0x0000000705400000| PB 0x0000000705400000| Untracked |  0
|  20|0x0000000705600000, 0x0000000705600000, 0x0000000705800000|  0%| F|  |TAMS 0x0000000705600000| PB 0x0000000705600000| Untracked |  0
|  21|0x0000000705800000, 0x0000000705800000, 0x0000000705a00000|  0%| F|  |TAMS 0x0000000705800000| PB 0x0000000705800000| Untracked |  0
|  22|0x0000000705a00000, 0x0000000705a00000, 0x0000000705c00000|  0%| F|  |TAMS 0x0000000705a00000| PB 0x0000000705a00000| Untracked |  0
|  23|0x0000000705c00000, 0x0000000705c00000, 0x0000000705e00000|  0%| F|  |TAMS 0x0000000705c00000| PB 0x0000000705c00000| Untracked |  0
|  24|0x0000000705e00000, 0x0000000705e00000, 0x0000000706000000|  0%| F|  |TAMS 0x0000000705e00000| PB 0x0000000705e00000| Untracked |  0
|  25|0x0000000706000000, 0x0000000706000000, 0x0000000706200000|  0%| F|  |TAMS 0x0000000706000000| PB 0x0000000706000000| Untracked |  0
|  26|0x0000000706200000, 0x0000000706200000, 0x0000000706400000|  0%| F|  |TAMS 0x0000000706200000| PB 0x0000000706200000| Untracked |  0
|  27|0x0000000706400000, 0x0000000706400000, 0x0000000706600000|  0%| F|  |TAMS 0x0000000706400000| PB 0x0000000706400000| Untracked |  0
|  28|0x0000000706600000, 0x0000000706600000, 0x0000000706800000|  0%| F|  |TAMS 0x0000000706600000| PB 0x0000000706600000| Untracked |  0
|  29|0x0000000706800000, 0x0000000706800000, 0x0000000706a00000|  0%| F|  |TAMS 0x0000000706800000| PB 0x0000000706800000| Untracked |  0
|  30|0x0000000706a00000, 0x0000000706a00000, 0x0000000706c00000|  0%| F|  |TAMS 0x0000000706a00000| PB 0x0000000706a00000| Untracked |  0
|  31|0x0000000706c00000, 0x0000000706c00000, 0x0000000706e00000|  0%| F|  |TAMS 0x0000000706c00000| PB 0x0000000706c00000| Untracked |  0
|  32|0x0000000706e00000, 0x0000000706e00000, 0x0000000707000000|  0%| F|  |TAMS 0x0000000706e00000| PB 0x0000000706e00000| Untracked |  0
|  33|0x0000000707000000, 0x0000000707000000, 0x0000000707200000|  0%| F|  |TAMS 0x0000000707000000| PB 0x0000000707000000| Untracked |  0
|  34|0x0000000707200000, 0x0000000707200000, 0x0000000707400000|  0%| F|  |TAMS 0x0000000707200000| PB 0x0000000707200000| Untracked |  0
|  35|0x0000000707400000, 0x0000000707400000, 0x0000000707600000|  0%| F|  |TAMS 0x0000000707400000| PB 0x0000000707400000| Untracked |  0
|  36|0x0000000707600000, 0x0000000707600000, 0x0000000707800000|  0%| F|  |TAMS 0x0000000707600000| PB 0x0000000707600000| Untracked |  0
|  37|0x0000000707800000, 0x0000000707800000, 0x0000000707a00000|  0%| F|  |TAMS 0x0000000707800000| PB 0x0000000707800000| Untracked |  0
|  38|0x0000000707a00000, 0x0000000707a00000, 0x0000000707c00000|  0%| F|  |TAMS 0x0000000707a00000| PB 0x0000000707a00000| Untracked |  0
|  39|0x0000000707c00000, 0x0000000707c00000, 0x0000000707e00000|  0%| F|  |TAMS 0x0000000707c00000| PB 0x0000000707c00000| Untracked |  0
|  40|0x0000000707e00000, 0x0000000707e00000, 0x0000000708000000|  0%| F|  |TAMS 0x0000000707e00000| PB 0x0000000707e00000| Untracked |  0
|  41|0x0000000708000000, 0x0000000708000000, 0x0000000708200000|  0%| F|  |TAMS 0x0000000708000000| PB 0x0000000708000000| Untracked |  0
|  42|0x0000000708200000, 0x0000000708200000, 0x0000000708400000|  0%| F|  |TAMS 0x0000000708200000| PB 0x0000000708200000| Untracked |  0
|  43|0x0000000708400000, 0x0000000708400000, 0x0000000708600000|  0%| F|  |TAMS 0x0000000708400000| PB 0x0000000708400000| Untracked |  0
|  44|0x0000000708600000, 0x0000000708600000, 0x0000000708800000|  0%| F|  |TAMS 0x0000000708600000| PB 0x0000000708600000| Untracked |  0
|  45|0x0000000708800000, 0x0000000708800000, 0x0000000708a00000|  0%| F|  |TAMS 0x0000000708800000| PB 0x0000000708800000| Untracked |  0
|  46|0x0000000708a00000, 0x0000000708a00000, 0x0000000708c00000|  0%| F|  |TAMS 0x0000000708a00000| PB 0x0000000708a00000| Untracked |  0
|  47|0x0000000708c00000, 0x0000000708c00000, 0x0000000708e00000|  0%| F|  |TAMS 0x0000000708c00000| PB 0x0000000708c00000| Untracked |  0
|  48|0x0000000708e00000, 0x0000000708e00000, 0x0000000709000000|  0%| F|  |TAMS 0x0000000708e00000| PB 0x0000000708e00000| Untracked |  0
|  49|0x0000000709000000, 0x0000000709000000, 0x0000000709200000|  0%| F|  |TAMS 0x0000000709000000| PB 0x0000000709000000| Untracked |  0
|  50|0x0000000709200000, 0x0000000709200000, 0x0000000709400000|  0%| F|  |TAMS 0x0000000709200000| PB 0x0000000709200000| Untracked |  0
|  51|0x0000000709400000, 0x0000000709400000, 0x0000000709600000|  0%| F|  |TAMS 0x0000000709400000| PB 0x0000000709400000| Untracked |  0
|  52|0x0000000709600000, 0x0000000709600000, 0x0000000709800000|  0%| F|  |TAMS 0x0000000709600000| PB 0x0000000709600000| Untracked |  0
|  53|0x0000000709800000, 0x0000000709800000, 0x0000000709a00000|  0%| F|  |TAMS 0x0000000709800000| PB 0x0000000709800000| Untracked |  0
|  54|0x0000000709a00000, 0x0000000709a00000, 0x0000000709c00000|  0%| F|  |TAMS 0x0000000709a00000| PB 0x0000000709a00000| Untracked |  0
|  55|0x0000000709c00000, 0x0000000709c00000, 0x0000000709e00000|  0%| F|  |TAMS 0x0000000709c00000| PB 0x0000000709c00000| Untracked |  0
|  56|0x0000000709e00000, 0x0000000709e00000, 0x000000070a000000|  0%| F|  |TAMS 0x0000000709e00000| PB 0x0000000709e00000| Untracked |  0
|  57|0x000000070a000000, 0x000000070a000000, 0x000000070a200000|  0%| F|  |TAMS 0x000000070a000000| PB 0x000000070a000000| Untracked |  0
|  58|0x000000070a200000, 0x000000070a200000, 0x000000070a400000|  0%| F|  |TAMS 0x000000070a200000| PB 0x000000070a200000| Untracked |  0
|  59|0x000000070a400000, 0x000000070a400000, 0x000000070a600000|  0%| F|  |TAMS 0x000000070a400000| PB 0x000000070a400000| Untracked |  0
|  60|0x000000070a600000, 0x000000070a600000, 0x000000070a800000|  0%| F|  |TAMS 0x000000070a600000| PB 0x000000070a600000| Untracked |  0
|  61|0x000000070a800000, 0x000000070a800000, 0x000000070aa00000|  0%| F|  |TAMS 0x000000070a800000| PB 0x000000070a800000| Untracked |  0
|  62|0x000000070aa00000, 0x000000070aa00000, 0x000000070ac00000|  0%| F|  |TAMS 0x000000070aa00000| PB 0x000000070aa00000| Untracked |  0
|  63|0x000000070ac00000, 0x000000070ac00000, 0x000000070ae00000|  0%| F|  |TAMS 0x000000070ac00000| PB 0x000000070ac00000| Untracked |  0
|  64|0x000000070ae00000, 0x000000070ae00000, 0x000000070b000000|  0%| F|  |TAMS 0x000000070ae00000| PB 0x000000070ae00000| Untracked |  0
|  65|0x000000070b000000, 0x000000070b000000, 0x000000070b200000|  0%| F|  |TAMS 0x000000070b000000| PB 0x000000070b000000| Untracked |  0
|  66|0x000000070b200000, 0x000000070b200000, 0x000000070b400000|  0%| F|  |TAMS 0x000000070b200000| PB 0x000000070b200000| Untracked |  0
|  67|0x000000070b400000, 0x000000070b400000, 0x000000070b600000|  0%| F|  |TAMS 0x000000070b400000| PB 0x000000070b400000| Untracked |  0
|  68|0x000000070b600000, 0x000000070b600000, 0x000000070b800000|  0%| F|  |TAMS 0x000000070b600000| PB 0x000000070b600000| Untracked |  0
|  69|0x000000070b800000, 0x000000070b800000, 0x000000070ba00000|  0%| F|  |TAMS 0x000000070b800000| PB 0x000000070b800000| Untracked |  0
|  70|0x000000070ba00000, 0x000000070ba00000, 0x000000070bc00000|  0%| F|  |TAMS 0x000000070ba00000| PB 0x000000070ba00000| Untracked |  0
|  71|0x000000070bc00000, 0x000000070bc00000, 0x000000070be00000|  0%| F|  |TAMS 0x000000070bc00000| PB 0x000000070bc00000| Untracked |  0
|  72|0x000000070be00000, 0x000000070be00000, 0x000000070c000000|  0%| F|  |TAMS 0x000000070be00000| PB 0x000000070be00000| Untracked |  0
|  73|0x000000070c000000, 0x000000070c000000, 0x000000070c200000|  0%| F|  |TAMS 0x000000070c000000| PB 0x000000070c000000| Untracked |  0
|  74|0x000000070c200000, 0x000000070c200000, 0x000000070c400000|  0%| F|  |TAMS 0x000000070c200000| PB 0x000000070c200000| Untracked |  0
|  75|0x000000070c400000, 0x000000070c400000, 0x000000070c600000|  0%| F|  |TAMS 0x000000070c400000| PB 0x000000070c400000| Untracked |  0
|  76|0x000000070c600000, 0x000000070c600000, 0x000000070c800000|  0%| F|  |TAMS 0x000000070c600000| PB 0x000000070c600000| Untracked |  0
|  77|0x000000070c800000, 0x000000070c800000, 0x000000070ca00000|  0%| F|  |TAMS 0x000000070c800000| PB 0x000000070c800000| Untracked |  0
|  78|0x000000070ca00000, 0x000000070ca00000, 0x000000070cc00000|  0%| F|  |TAMS 0x000000070ca00000| PB 0x000000070ca00000| Untracked |  0
|  79|0x000000070cc00000, 0x000000070cd4dd40, 0x000000070ce00000| 65%| E|  |TAMS 0x000000070cc00000| PB 0x000000070cc00000| Complete |  0
|  80|0x000000070ce00000, 0x000000070d000000, 0x000000070d000000|100%| E|CS|TAMS 0x000000070ce00000| PB 0x000000070ce00000| Complete |  0
|  81|0x000000070d000000, 0x000000070d200000, 0x000000070d200000|100%| E|CS|TAMS 0x000000070d000000| PB 0x000000070d000000| Complete |  0
|  82|0x000000070d200000, 0x000000070d400000, 0x000000070d400000|100%| E|CS|TAMS 0x000000070d200000| PB 0x000000070d200000| Complete |  0
|  83|0x000000070d400000, 0x000000070d600000, 0x000000070d600000|100%| E|CS|TAMS 0x000000070d400000| PB 0x000000070d400000| Complete |  0
|  84|0x000000070d600000, 0x000000070d800000, 0x000000070d800000|100%| E|CS|TAMS 0x000000070d600000| PB 0x000000070d600000| Complete |  0
|  85|0x000000070d800000, 0x000000070da00000, 0x000000070da00000|100%| E|CS|TAMS 0x000000070d800000| PB 0x000000070d800000| Complete |  0
|  86|0x000000070da00000, 0x000000070dc00000, 0x000000070dc00000|100%| E|CS|TAMS 0x000000070da00000| PB 0x000000070da00000| Complete |  0
|  87|0x000000070dc00000, 0x000000070de00000, 0x000000070de00000|100%| E|CS|TAMS 0x000000070dc00000| PB 0x000000070dc00000| Complete |  0
|  88|0x000000070de00000, 0x000000070e000000, 0x000000070e000000|100%| E|CS|TAMS 0x000000070de00000| PB 0x000000070de00000| Complete |  0
|  89|0x000000070e000000, 0x000000070e200000, 0x000000070e200000|100%| E|CS|TAMS 0x000000070e000000| PB 0x000000070e000000| Complete |  0
|  90|0x000000070e200000, 0x000000070e400000, 0x000000070e400000|100%| E|  |TAMS 0x000000070e200000| PB 0x000000070e200000| Complete |  0
|  91|0x000000070e400000, 0x000000070e600000, 0x000000070e600000|100%| E|CS|TAMS 0x000000070e400000| PB 0x000000070e400000| Complete |  0
|  92|0x000000070e600000, 0x000000070e800000, 0x000000070e800000|100%| E|CS|TAMS 0x000000070e600000| PB 0x000000070e600000| Complete |  0
|  93|0x000000070e800000, 0x000000070ea00000, 0x000000070ea00000|100%| E|CS|TAMS 0x000000070e800000| PB 0x000000070e800000| Complete |  0
|  94|0x000000070ea00000, 0x000000070ec00000, 0x000000070ec00000|100%| E|CS|TAMS 0x000000070ea00000| PB 0x000000070ea00000| Complete |  0
|  95|0x000000070ec00000, 0x000000070ee00000, 0x000000070ee00000|100%| E|CS|TAMS 0x000000070ec00000| PB 0x000000070ec00000| Complete |  0
|  96|0x000000070ee00000, 0x000000070f000000, 0x000000070f000000|100%| E|CS|TAMS 0x000000070ee00000| PB 0x000000070ee00000| Complete |  0
|  97|0x000000070f000000, 0x000000070f200000, 0x000000070f200000|100%| E|CS|TAMS 0x000000070f000000| PB 0x000000070f000000| Complete |  0
|  98|0x000000070f200000, 0x000000070f400000, 0x000000070f400000|100%| E|CS|TAMS 0x000000070f200000| PB 0x000000070f200000| Complete |  0
|  99|0x000000070f400000, 0x000000070f600000, 0x000000070f600000|100%| E|CS|TAMS 0x000000070f400000| PB 0x000000070f400000| Complete |  0
| 100|0x000000070f600000, 0x000000070f75ffa8, 0x000000070f800000| 68%| S|CS|TAMS 0x000000070f600000| PB 0x000000070f600000| Complete |  0
| 101|0x000000070f800000, 0x000000070fa00000, 0x000000070fa00000|100%| S|CS|TAMS 0x000000070f800000| PB 0x000000070f800000| Complete |  0
| 102|0x000000070fa00000, 0x000000070fc00000, 0x000000070fc00000|100%| S|CS|TAMS 0x000000070fa00000| PB 0x000000070fa00000| Complete |  0
| 103|0x000000070fc00000, 0x000000070fe00000, 0x000000070fe00000|100%| E|CS|TAMS 0x000000070fc00000| PB 0x000000070fc00000| Complete |  0
| 104|0x000000070fe00000, 0x0000000710000000, 0x0000000710000000|100%| E|CS|TAMS 0x000000070fe00000| PB 0x000000070fe00000| Complete |  0
| 105|0x0000000710000000, 0x0000000710200000, 0x0000000710200000|100%| E|CS|TAMS 0x0000000710000000| PB 0x0000000710000000| Complete |  0
| 106|0x0000000710200000, 0x0000000710400000, 0x0000000710400000|100%| E|CS|TAMS 0x0000000710200000| PB 0x0000000710200000| Complete |  0
| 107|0x0000000710400000, 0x0000000710600000, 0x0000000710600000|100%| E|CS|TAMS 0x0000000710400000| PB 0x0000000710400000| Complete |  0
| 108|0x0000000710600000, 0x0000000710800000, 0x0000000710800000|100%| E|CS|TAMS 0x0000000710600000| PB 0x0000000710600000| Complete |  0
| 109|0x0000000710800000, 0x0000000710a00000, 0x0000000710a00000|100%| E|CS|TAMS 0x0000000710800000| PB 0x0000000710800000| Complete |  0
| 110|0x0000000710a00000, 0x0000000710c00000, 0x0000000710c00000|100%| E|CS|TAMS 0x0000000710a00000| PB 0x0000000710a00000| Complete |  0
| 111|0x0000000710c00000, 0x0000000710e00000, 0x0000000710e00000|100%| E|CS|TAMS 0x0000000710c00000| PB 0x0000000710c00000| Complete |  0
| 112|0x0000000710e00000, 0x0000000711000000, 0x0000000711000000|100%| E|CS|TAMS 0x0000000710e00000| PB 0x0000000710e00000| Complete |  0
| 113|0x0000000711000000, 0x0000000711200000, 0x0000000711200000|100%| E|CS|TAMS 0x0000000711000000| PB 0x0000000711000000| Complete |  0
| 114|0x0000000711200000, 0x0000000711400000, 0x0000000711400000|100%| E|CS|TAMS 0x0000000711200000| PB 0x0000000711200000| Complete |  0
| 115|0x0000000711400000, 0x0000000711600000, 0x0000000711600000|100%| E|CS|TAMS 0x0000000711400000| PB 0x0000000711400000| Complete |  0
| 116|0x0000000711600000, 0x0000000711800000, 0x0000000711800000|100%| E|CS|TAMS 0x0000000711600000| PB 0x0000000711600000| Complete |  0
| 117|0x0000000711800000, 0x0000000711a00000, 0x0000000711a00000|100%| E|CS|TAMS 0x0000000711800000| PB 0x0000000711800000| Complete |  0
| 118|0x0000000711a00000, 0x0000000711c00000, 0x0000000711c00000|100%| E|CS|TAMS 0x0000000711a00000| PB 0x0000000711a00000| Complete |  0
| 119|0x0000000711c00000, 0x0000000711e00000, 0x0000000711e00000|100%| E|CS|TAMS 0x0000000711c00000| PB 0x0000000711c00000| Complete |  0
| 120|0x0000000711e00000, 0x0000000712000000, 0x0000000712000000|100%| E|CS|TAMS 0x0000000711e00000| PB 0x0000000711e00000| Complete |  0
| 121|0x0000000712000000, 0x0000000712200000, 0x0000000712200000|100%| E|CS|TAMS 0x0000000712000000| PB 0x0000000712000000| Complete |  0
| 122|0x0000000712200000, 0x0000000712400000, 0x0000000712400000|100%| E|CS|TAMS 0x0000000712200000| PB 0x0000000712200000| Complete |  0
| 123|0x0000000712400000, 0x0000000712600000, 0x0000000712600000|100%| E|CS|TAMS 0x0000000712400000| PB 0x0000000712400000| Complete |  0
| 124|0x0000000712600000, 0x0000000712800000, 0x0000000712800000|100%| E|CS|TAMS 0x0000000712600000| PB 0x0000000712600000| Complete |  0
| 125|0x0000000712800000, 0x0000000712a00000, 0x0000000712a00000|100%| E|CS|TAMS 0x0000000712800000| PB 0x0000000712800000| Complete |  0
| 126|0x0000000712a00000, 0x0000000712c00000, 0x0000000712c00000|100%| E|CS|TAMS 0x0000000712a00000| PB 0x0000000712a00000| Complete |  0
|2024|0x00000007ffe00000, 0x00000007fff1d1c0, 0x0000000800000000| 55%| O|  |TAMS 0x00000007ffe00000| PB 0x00000007ffe00000| Untracked |  0

Card table byte_map: [0x000001ba4f200000,0x000001ba4f9f0000] _byte_map_base: 0x000001ba4b9e9000

Marking Bits: (CMBitMap*) 0x000001ba36ea2a00
 Bits: [0x000001ba4f9f0000, 0x000001ba53938000)

Polling page: 0x000001ba36610000

Metaspace:

Usage:
  Non-class:     15.55 MB used.
      Class:      2.54 MB used.
       Both:     18.09 MB used.

Virtual space:
  Non-class space:       64.00 MB reserved,      15.69 MB ( 25%) committed,  1 nodes.
      Class space:        1.00 GB reserved,       2.69 MB ( <1%) committed,  1 nodes.
             Both:        1.06 GB reserved,      18.38 MB (  2%) committed. 

Chunk freelists:
   Non-Class:  16.00 KB
       Class:  13.31 MB
        Both:  13.33 MB

MaxMetaspaceSize: unlimited
CompressedClassSpaceSize: 1.00 GB
Initial GC threshold: 21.00 MB
Current GC threshold: 21.00 MB
CDS: on
 - commit_granule_bytes: 65536.
 - commit_granule_words: 8192.
 - virtual_space_node_default_size: 8388608.
 - enlarge_chunks_in_place: 1.
UseCompressedClassPointers 1, UseCompactObjectHeaders 0
Narrow klass pointer bits 32, Max shift 3
Narrow klass base: 0x000001ba57000000, Narrow klass shift: 0
Encoding Range: [0x000001ba57000000 - 0x000001bb57000000), (4294967296 bytes)
Klass Range:    [0x000001ba57000000 - 0x000001ba98000000), (1090519040 bytes)
Klass ID Range:  [8 - 1090519033) (1090519025)


Internal statistics:

num_allocs_failed_limit: 0.
num_arena_births: 154.
num_arena_deaths: 0.
num_vsnodes_births: 2.
num_vsnodes_deaths: 0.
num_space_committed: 294.
num_space_uncommitted: 0.
num_chunks_returned_to_freelist: 0.
num_chunks_taken_from_freelist: 759.
num_chunk_merges: 0.
num_chunk_splits: 560.
num_chunks_enlarged: 478.
num_inconsistent_stats: 0.

CodeHeap 'non-profiled nmethods': size=120064Kb used=2517Kb max_used=2517Kb free=117546Kb
 bounds [0x000001ba471a0000, 0x000001ba47420000, 0x000001ba4e6e0000]
CodeHeap 'profiled nmethods': size=120000Kb used=8978Kb max_used=8978Kb free=111022Kb
 bounds [0x000001ba3f6e0000, 0x000001ba3ffb0000, 0x000001ba46c10000]
CodeHeap 'non-nmethods': size=5696Kb used=1670Kb max_used=1747Kb free=4025Kb
 bounds [0x000001ba46c10000, 0x000001ba46e80000, 0x000001ba471a0000]
CodeCache: size=245760Kb, used=13165Kb, max_used=13242Kb, free=232593Kb
 total_blobs=5911, nmethods=5073, adapters=740, full_count=0
Compilation: enabled, stopped_count=0, restarted_count=0

Compilation events (20 events):
Event: 87.502 Thread 0x000001ba56391f50 5069       4       com.sun.javafx.scene.NodeHelper::markDirtyImpl (11 bytes)
Event: 87.503 Thread 0x000001ba563a49d0 nmethod 5068 0x000001ba3ff9f108 code [0x000001ba3ff9f240, 0x000001ba3ff9f5b0]
Event: 87.510 Thread 0x000001ba563a49d0 5073       3       javafx.scene.control.skin.VirtualFlow::getOrCreateCellSize (175 bytes)
Event: 87.515 Thread 0x000001ba563a49d0 nmethod 5073 0x000001ba3ff9f608 code [0x000001ba3ff9f980, 0x000001ba3ffa1810]
Event: 87.515 Thread 0x000001ba563a49d0 5075       3       javafx.scene.Node::computeLocalBounds (135 bytes)
Event: 87.520 Thread 0x000001ba563a49d0 nmethod 5075 0x000001ba3ffa1908 code [0x000001ba3ffa1c20, 0x000001ba3ffa3d30]
Event: 87.520 Thread 0x000001ba563a49d0 5072       3       javafx.scene.control.ScrollBar::getOrientation (24 bytes)
Event: 87.521 Thread 0x000001ba563a49d0 nmethod 5072 0x000001ba3ffa3e08 code [0x000001ba3ffa3f40, 0x000001ba3ffa4398]
Event: 87.521 Thread 0x000001ba563a49d0 5076       1       com.sun.scenario.effect.impl.state.GaussianShadowState::getSpread (5 bytes)
Event: 87.521 Thread 0x000001ba563a49d0 nmethod 5076 0x000001ba47413788 code [0x000001ba47413880, 0x000001ba47413948]
Event: 87.521 Thread 0x000001ba563a49d0 5077       3       java.nio.MappedByteBuffer::position (6 bytes)
Event: 87.522 Thread 0x000001ba563a49d0 nmethod 5077 0x000001ba3ffa4408 code [0x000001ba3ffa4540, 0x000001ba3ffa47d0]
Event: 87.533 Thread 0x000001ba56391f50 nmethod 5069 0x000001ba47413a88 code [0x000001ba47413c40, 0x000001ba474145d0]
Event: 87.533 Thread 0x000001ba56391f50 5071       4       javafx.scene.layout.Region::snappedRightInset (21 bytes)
Event: 87.542 Thread 0x000001ba56391f50 nmethod 5071 0x000001ba47414708 code [0x000001ba474148a0, 0x000001ba47414d28]
Event: 87.542 Thread 0x000001ba56391f50 5074       4       sun.util.logging.internal.LoggingProviderImpl$JULWrapper::isLoggable (12 bytes)
Event: 87.544 Thread 0x000001ba56391f50 nmethod 5074 0x000001ba47414e08 code [0x000001ba47414f20, 0x000001ba47415058]
Event: 87.544 Thread 0x000001ba56391f50 5070   !   4       jdk.internal.icu.text.BidiBase::getMemory (92 bytes)
Event: 87.546 Thread 0x000001ba56391f50 nmethod 5070 0x000001ba47415108 code [0x000001ba47415220, 0x000001ba47415518]
Event: 87.705 Thread 0x000001ba56391f50 5078   !   4       com.sun.javafx.tk.quantum.QuantumToolkit::pulse (152 bytes)

GC Heap History (2 events):
Event: 1.638 GC heap before
{Heap before GC invocations=0 (full 0):
 garbage-first heap   total reserved 4147200K, committed 262144K, used 48244K [0x0000000702e00000, 0x0000000800000000)
  region size 2048K, 24 young (49152K), 0 survivors (0K)
 Metaspace       used 7125K, committed 7296K, reserved 1114112K
  class space    used 730K, committed 832K, reserved 1048576K
}
Event: 1.647 GC heap after
{Heap after GC invocations=1 (full 0):
 garbage-first heap   total reserved 4147200K, committed 262144K, used 6644K [0x0000000702e00000, 0x0000000800000000)
  region size 2048K, 3 young (6144K), 3 survivors (6144K)
 Metaspace       used 7125K, committed 7296K, reserved 1114112K
  class space    used 730K, committed 832K, reserved 1048576K
}

Dll operation events (20 events):
Event: 0.497 Loaded shared library C:\openjfx-24.0.1_windows-x64_bin-sdk (1)extract\javafx-sdk-24.0.1\bin\api-ms-win-crt-math-l1-1-0.dll
Event: 0.501 Loaded shared library C:\openjfx-24.0.1_windows-x64_bin-sdk (1)extract\javafx-sdk-24.0.1\bin\api-ms-win-crt-multibyte-l1-1-0.dll
Event: 0.503 Loaded shared library C:\openjfx-24.0.1_windows-x64_bin-sdk (1)extract\javafx-sdk-24.0.1\bin\api-ms-win-crt-private-l1-1-0.dll
Event: 0.505 Loaded shared library C:\openjfx-24.0.1_windows-x64_bin-sdk (1)extract\javafx-sdk-24.0.1\bin\api-ms-win-crt-process-l1-1-0.dll
Event: 0.508 Loaded shared library C:\openjfx-24.0.1_windows-x64_bin-sdk (1)extract\javafx-sdk-24.0.1\bin\api-ms-win-crt-runtime-l1-1-0.dll
Event: 0.511 Loaded shared library C:\openjfx-24.0.1_windows-x64_bin-sdk (1)extract\javafx-sdk-24.0.1\bin\api-ms-win-crt-stdio-l1-1-0.dll
Event: 0.514 Loaded shared library C:\openjfx-24.0.1_windows-x64_bin-sdk (1)extract\javafx-sdk-24.0.1\bin\api-ms-win-crt-string-l1-1-0.dll
Event: 0.516 Loaded shared library C:\openjfx-24.0.1_windows-x64_bin-sdk (1)extract\javafx-sdk-24.0.1\bin\api-ms-win-crt-time-l1-1-0.dll
Event: 0.519 Loaded shared library C:\openjfx-24.0.1_windows-x64_bin-sdk (1)extract\javafx-sdk-24.0.1\bin\api-ms-win-crt-utility-l1-1-0.dll
Event: 0.521 Loaded shared library C:\openjfx-24.0.1_windows-x64_bin-sdk (1)extract\javafx-sdk-24.0.1\bin\ucrtbase.dll
Event: 0.524 Loaded shared library C:\openjfx-24.0.1_windows-x64_bin-sdk (1)extract\javafx-sdk-24.0.1\bin\vcruntime140.dll
Event: 0.526 Loaded shared library C:\openjfx-24.0.1_windows-x64_bin-sdk (1)extract\javafx-sdk-24.0.1\bin\vcruntime140_1.dll
Event: 0.528 Loaded shared library C:\openjfx-24.0.1_windows-x64_bin-sdk (1)extract\javafx-sdk-24.0.1\bin\msvcp140.dll
Event: 0.531 Loaded shared library C:\openjfx-24.0.1_windows-x64_bin-sdk (1)extract\javafx-sdk-24.0.1\bin\msvcp140_1.dll
Event: 0.533 Loaded shared library C:\openjfx-24.0.1_windows-x64_bin-sdk (1)extract\javafx-sdk-24.0.1\bin\msvcp140_2.dll
Event: 0.585 Loaded shared library C:\openjfx-24.0.1_windows-x64_bin-sdk (1)extract\javafx-sdk-24.0.1\bin\prism_d3d.dll
Event: 0.633 Loaded shared library C:\openjfx-24.0.1_windows-x64_bin-sdk (1)extract\javafx-sdk-24.0.1\bin\glass.dll
Event: 0.902 Loaded shared library C:\Program Files\Java\jdk-24\bin\jimage.dll
Event: 1.441 Loaded shared library C:\openjfx-24.0.1_windows-x64_bin-sdk (1)extract\javafx-sdk-24.0.1\bin\javafx_font.dll
Event: 1.683 Loaded shared library C:\openjfx-24.0.1_windows-x64_bin-sdk (1)extract\javafx-sdk-24.0.1\bin\javafx_iio.dll

Deoptimization events (20 events):
Event: 80.385 Thread 0x000001ba9d2b5010 Uncommon trap: trap_request=0xffffffbe fr.pc=0x000001ba473ea858 relative=0x00000000000005d8
Event: 80.385 Thread 0x000001ba9d2b5010 Uncommon trap: reason=profile_predicate action=maybe_recompile pc=0x000001ba473ea858 method=com.sun.javafx.sg.prism.NGNode.markCullRegions(Lcom/sun/javafx/geom/DirtyRegionContainer;ILcom/sun/javafx/geom/transform/BaseTransform;Lcom/sun/javafx/geom/transfo
Event: 80.385 Thread 0x000001ba9d2b5010 DEOPT PACKING pc=0x000001ba473ea858 sp=0x0000009e56efe920
Event: 80.385 Thread 0x000001ba9d2b5010 DEOPT UNPACKING pc=0x000001ba46d27282 sp=0x0000009e56efe8a0 mode 2
Event: 80.385 Thread 0x000001ba9d2b5010 Uncommon trap: trap_request=0xffffffbe fr.pc=0x000001ba473ea858 relative=0x00000000000005d8
Event: 80.385 Thread 0x000001ba9d2b5010 Uncommon trap: reason=profile_predicate action=maybe_recompile pc=0x000001ba473ea858 method=com.sun.javafx.sg.prism.NGNode.markCullRegions(Lcom/sun/javafx/geom/DirtyRegionContainer;ILcom/sun/javafx/geom/transform/BaseTransform;Lcom/sun/javafx/geom/transfo
Event: 80.385 Thread 0x000001ba9d2b5010 DEOPT PACKING pc=0x000001ba473ea858 sp=0x0000009e56efe470
Event: 80.385 Thread 0x000001ba9d2b5010 DEOPT UNPACKING pc=0x000001ba46d27282 sp=0x0000009e56efe3f0 mode 2
Event: 80.385 Thread 0x000001ba9d2b5010 Uncommon trap: trap_request=0xffffffbe fr.pc=0x000001ba473ea858 relative=0x00000000000005d8
Event: 80.385 Thread 0x000001ba9d2b5010 Uncommon trap: reason=profile_predicate action=maybe_recompile pc=0x000001ba473ea858 method=com.sun.javafx.sg.prism.NGNode.markCullRegions(Lcom/sun/javafx/geom/DirtyRegionContainer;ILcom/sun/javafx/geom/transform/BaseTransform;Lcom/sun/javafx/geom/transfo
Event: 80.386 Thread 0x000001ba9d2b5010 DEOPT PACKING pc=0x000001ba473ea858 sp=0x0000009e56efe790
Event: 80.386 Thread 0x000001ba9d2b5010 DEOPT UNPACKING pc=0x000001ba46d27282 sp=0x0000009e56efe710 mode 2
Event: 80.747 Thread 0x000001ba9d2b5010 Uncommon trap: trap_request=0xffffffbe fr.pc=0x000001ba473ea858 relative=0x00000000000005d8
Event: 80.747 Thread 0x000001ba9d2b5010 Uncommon trap: reason=profile_predicate action=maybe_recompile pc=0x000001ba473ea858 method=com.sun.javafx.sg.prism.NGNode.markCullRegions(Lcom/sun/javafx/geom/DirtyRegionContainer;ILcom/sun/javafx/geom/transform/BaseTransform;Lcom/sun/javafx/geom/transfo
Event: 80.747 Thread 0x000001ba9d2b5010 DEOPT PACKING pc=0x000001ba473ea858 sp=0x0000009e56efe920
Event: 80.747 Thread 0x000001ba9d2b5010 DEOPT UNPACKING pc=0x000001ba46d27282 sp=0x0000009e56efe8a0 mode 2
Event: 82.512 Thread 0x000001ba9d322630 Uncommon trap: trap_request=0xffffff4d fr.pc=0x000001ba473e6a40 relative=0x0000000000003d00
Event: 82.512 Thread 0x000001ba9d322630 Uncommon trap: reason=unstable_if action=reinterpret pc=0x000001ba473e6a40 method=com.sun.javafx.text.PrismTextLayout.layout()V @ 1599 c2
Event: 82.512 Thread 0x000001ba9d322630 DEOPT PACKING pc=0x000001ba473e6a40 sp=0x0000009e570fdaf0
Event: 82.512 Thread 0x000001ba9d322630 DEOPT UNPACKING pc=0x000001ba46d27282 sp=0x0000009e570fda18 mode 2

Classes loaded (20 events):
Event: 15.365 Loading class java/util/stream/IntPipeline$Head
Event: 15.366 Loading class java/util/stream/IntPipeline
Event: 15.366 Loading class java/util/stream/IntStream
Event: 15.366 Loading class java/util/stream/IntStream done
Event: 15.366 Loading class java/util/stream/IntPipeline done
Event: 15.366 Loading class java/util/stream/IntPipeline$Head done
Event: 15.367 Loading class java/util/stream/IntPipeline$1
Event: 15.367 Loading class java/util/stream/IntPipeline$1 done
Event: 15.367 Loading class java/util/stream/IntPipeline$1$1
Event: 15.367 Loading class java/util/stream/Sink$ChainedInt
Event: 15.367 Loading class java/util/stream/Sink$OfInt
Event: 15.367 Loading class java/util/stream/Sink$OfInt done
Event: 15.367 Loading class java/util/stream/Sink$ChainedInt done
Event: 15.367 Loading class java/util/stream/IntPipeline$1$1 done
Event: 15.449 Loading class java/lang/invoke/TypeConvertingMethodAdapter$1
Event: 15.449 Loading class java/lang/invoke/TypeConvertingMethodAdapter$1 done
Event: 15.449 Loading class java/lang/invoke/TypeConvertingMethodAdapter$BoxHolder
Event: 15.449 Loading class java/lang/invoke/TypeConvertingMethodAdapter$BoxHolder done
Event: 20.624 Loading class java/lang/FdLibm$Acos
Event: 20.624 Loading class java/lang/FdLibm$Acos done

Classes unloaded (0 events):
No events

Classes redefined (0 events):
No events

Internal exceptions (20 events):
Event: 2.180 Thread 0x000001ba9d322630 Exception <a 'java/lang/NoSuchMethodError'{0x00000007117ef270}: 'java.lang.Object java.lang.invoke.DirectMethodHandle$Holder.invokeStatic(java.lang.Object, int, java.lang.Object)'> (0x00000007117ef270) 
thrown [s\open\src\hotspot\share\interpreter\linkResolver.cpp, line 805]
Event: 2.187 Thread 0x000001ba9d322630 Exception <a 'java/lang/ClassNotFoundException'{0x00000007114278a8}: sun/util/logging/resources/spi/loggingProvider> (0x00000007114278a8) 
thrown [s\open\src\hotspot\share\classfile\systemDictionary.cpp, line 327]
Event: 2.198 Thread 0x000001ba9d322630 Exception <a 'java/lang/NoSuchMethodError'{0x00000007114891d0}: 'java.lang.Object java.lang.invoke.DirectMethodHandle$Holder.invokeInterface(java.lang.Object, java.lang.Object, java.lang.Object)'> (0x00000007114891d0) 
thrown [s\open\src\hotspot\share\interpreter\linkResolver.cpp, line 805]
Event: 2.198 Thread 0x000001ba9d322630 Exception <a 'java/lang/IncompatibleClassChangeError'{0x0000000711491228}: Found class java.lang.Object, but interface was expected> (0x0000000711491228) 
thrown [s\open\src\hotspot\share\interpreter\linkResolver.cpp, line 872]
Event: 2.203 Thread 0x000001ba9d322630 Exception <a 'java/lang/ClassNotFoundException'{0x00000007114cb970}: com/sun/javafx/scene/control/skin/resources/controls> (0x00000007114cb970) 
thrown [s\open\src\hotspot\share\prims\jni.cpp, line 536]
Event: 2.204 Thread 0x000001ba9d322630 Exception <a 'java/lang/ClassNotFoundException'{0x00000007114d8d28}: com/sun/javafx/scene/control/skin/resources/controls_en> (0x00000007114d8d28) 
thrown [s\open\src\hotspot\share\prims\jni.cpp, line 536]
Event: 2.204 Thread 0x000001ba9d322630 Exception <a 'java/lang/ClassNotFoundException'{0x00000007114d9ea0}: com/sun/javafx/scene/control/skin/resources/controls_en_US> (0x00000007114d9ea0) 
thrown [s\open\src\hotspot\share\prims\jni.cpp, line 536]
Event: 2.468 Thread 0x000001ba9d322630 Exception <a 'java/lang/NoSuchMethodError'{0x000000071087a880}: 'int java.lang.invoke.DirectMethodHandle$Holder.invokeSpecial(java.lang.Object, java.lang.Object, java.lang.Object)'> (0x000000071087a880) 
thrown [s\open\src\hotspot\share\interpreter\linkResolver.cpp, line 805]
Event: 2.824 Thread 0x000001ba9d322630 Exception <a 'java/lang/NoSuchMethodError'{0x000000071023e628}: 'int java.lang.invoke.DirectMethodHandle$Holder.invokeSpecial(java.lang.Object, java.lang.Object, int)'> (0x000000071023e628) 
thrown [s\open\src\hotspot\share\interpreter\linkResolver.cpp, line 805]
Event: 2.831 Thread 0x000001ba9d322630 Exception <a 'java/lang/NoSuchMethodError'{0x000000071025e718}: 'java.lang.Object java.lang.invoke.DirectMethodHandle$Holder.invokeStatic(java.lang.Object, java.lang.Object, java.lang.Object, java.lang.Object, int)'> (0x000000071025e718) 
thrown [s\open\src\hotspot\share\interpreter\linkResolver.cpp, line 805]
Event: 2.873 Thread 0x000001ba9d322630 Exception <a 'java/lang/NoSuchMethodError'{0x00000007102fb418}: 'java.lang.Object java.lang.invoke.DirectMethodHandle$Holder.newInvokeSpecial(java.lang.Object, java.lang.Object, int)'> (0x00000007102fb418) 
thrown [s\open\src\hotspot\share\interpreter\linkResolver.cpp, line 805]
Event: 3.112 Thread 0x000001ba9d2b5010 Exception <a 'java/lang/NoSuchMethodError'{0x0000000710171198}: 'int java.lang.invoke.DirectMethodHandle$Holder.invokeStaticInit(java.lang.Object, java.lang.Object)'> (0x0000000710171198) 
thrown [s\open\src\hotspot\share\interpreter\linkResolver.cpp, line 805]
Event: 3.124 Thread 0x000001ba9d322630 Exception <a 'java/lang/NoSuchMethodError'{0x00000007100e9d18}: 'long java.lang.invoke.DirectMethodHandle$Holder.invokeStaticInit(java.lang.Object, java.lang.Object, java.lang.Object)'> (0x00000007100e9d18) 
thrown [s\open\src\hotspot\share\interpreter\linkResolver.cpp, line 805]
Event: 3.232 Thread 0x000001ba9d2b5010 Exception <a 'java/lang/NoSuchMethodError'{0x000000070ffc9c68}: 'java.lang.Object java.lang.invoke.Invokers$Holder.invokeExact_MT(java.lang.Object, java.lang.Object, java.lang.Object, java.lang.Object, java.lang.Object)'> (0x000000070ffc9c68) 
thrown [s\open\src\hotspot\share\interpreter\linkResolver.cpp, line 805]
Event: 7.938 Thread 0x000001ba9d322630 Exception <a 'java/lang/NoSuchMethodError'{0x000000070f5727c8}: 'void java.lang.invoke.DirectMethodHandle$Holder.invokeVirtual(java.lang.Object, java.lang.Object)'> (0x000000070f5727c8) 
thrown [s\open\src\hotspot\share\interpreter\linkResolver.cpp, line 805]
Event: 15.349 Thread 0x000001ba9d322630 Exception <a 'java/io/FileNotFoundException'{0x000000070ee64e08}> (0x000000070ee64e08) 
thrown [s\open\src\hotspot\share\prims\jni.cpp, line 518]
Event: 15.455 Thread 0x000001ba9d322630 Exception <a 'java/lang/NoSuchMethodError'{0x000000070ebcaaf0}: 'void java.lang.invoke.DirectMethodHandle$Holder.invokeSpecial(java.lang.Object, java.lang.Object, int)'> (0x000000070ebcaaf0) 
thrown [s\open\src\hotspot\share\interpreter\linkResolver.cpp, line 805]
Event: 29.296 Thread 0x000001ba9d322630 Implicit null exception at 0x000001ba47304b03 to 0x000001ba47305364
Event: 29.298 Thread 0x000001ba9d322630 Implicit null exception at 0x000001ba4736fd17 to 0x000001ba47371084
Event: 79.135 Thread 0x000001ba9d322630 Exception <a 'java/lang/NoSuchMethodError'{0x000000070d3fdcc0}: 'java.lang.Object java.lang.invoke.DirectMethodHandle$Holder.newInvokeSpecial(java.lang.Object, java.lang.Object, int, int, int, int, int, java.lang.Object)'> (0x000000070d3fdcc0) 
thrown [s\open\src\hotspot\share\interpreter\linkResolver.cpp, line 805]

VM Operations (20 events):
Event: 0.906 Executing VM operation: HandshakeAllThreads (Deoptimize)
Event: 0.906 Executing VM operation: HandshakeAllThreads (Deoptimize) done
Event: 1.455 Executing VM operation: HandshakeAllThreads (Deoptimize)
Event: 1.455 Executing VM operation: HandshakeAllThreads (Deoptimize) done
Event: 1.455 Executing VM operation: HandshakeAllThreads (Deoptimize)
Event: 1.455 Executing VM operation: HandshakeAllThreads (Deoptimize) done
Event: 1.638 Executing VM operation: G1CollectForAllocation (G1 Evacuation Pause)
Event: 1.647 Executing VM operation: G1CollectForAllocation (G1 Evacuation Pause) done
Event: 2.146 Executing VM operation: HandshakeAllThreads (Deoptimize)
Event: 2.146 Executing VM operation: HandshakeAllThreads (Deoptimize) done
Event: 2.149 Executing VM operation: HandshakeAllThreads (Deoptimize)
Event: 2.149 Executing VM operation: HandshakeAllThreads (Deoptimize) done
Event: 13.670 Executing VM operation: HandshakeAllThreads (Deoptimize)
Event: 13.670 Executing VM operation: HandshakeAllThreads (Deoptimize) done
Event: 15.414 Executing VM operation: HandshakeAllThreads (Deoptimize)
Event: 15.414 Executing VM operation: HandshakeAllThreads (Deoptimize) done
Event: 60.180 Executing VM operation: HandshakeAllThreads (HandshakeForDeflation)
Event: 60.180 Executing VM operation: HandshakeAllThreads (HandshakeForDeflation) done
Event: 60.181 Executing VM operation: RendezvousGCThreads
Event: 60.181 Executing VM operation: RendezvousGCThreads done

Memory protections (0 events):
No events

Nmethod flushes (0 events):
No events

Events (20 events):
Event: 17.056 Thread 0x000001ba56391f50 Thread added: 0x000001ba5650a0a0
Event: 17.062 Thread 0x000001ba563a49d0 Thread added: 0x000001ba56508260
Event: 17.983 Thread 0x000001ba56508260 Thread exited: 0x000001ba56508260
Event: 18.186 Thread 0x000001ba5650a0a0 Thread exited: 0x000001ba5650a0a0
Event: 19.763 Thread 0x000001ba563a49d0 Thread added: 0x000001ba565089f0
Event: 20.252 Thread 0x000001ba565089f0 Thread exited: 0x000001ba565089f0
Event: 22.827 Thread 0x000001ba563a49d0 Thread added: 0x000001ba56509180
Event: 23.098 Thread 0x000001ba56509180 Thread exited: 0x000001ba56509180
Event: 23.109 Thread 0x000001ba563a49d0 Thread added: 0x000001ba565089f0
Event: 23.119 Thread 0x000001ba563a49d0 Thread added: 0x000001ba56509910
Event: 23.324 Thread 0x000001ba56509910 Thread exited: 0x000001ba56509910
Event: 23.324 Thread 0x000001ba565089f0 Thread exited: 0x000001ba565089f0
Event: 23.332 Thread 0x000001ba56391f50 Thread added: 0x000001ba56509180
Event: 23.754 Thread 0x000001ba56509180 Thread exited: 0x000001ba56509180
Event: 25.414 Thread 0x000001ba563a49d0 Thread added: 0x000001ba56508260
Event: 26.204 Thread 0x000001ba56508260 Thread exited: 0x000001ba56508260
Event: 63.765 Thread 0x000001ba56391f50 Thread added: 0x000001ba565089f0
Event: 64.268 Thread 0x000001ba565089f0 Thread exited: 0x000001ba565089f0
Event: 79.959 Thread 0x000001ba563a49d0 Thread added: 0x000001ba56508260
Event: 80.875 Thread 0x000001ba56508260 Thread exited: 0x000001ba56508260


Dynamic libraries:
0x00007ff7f2cd0000 - 0x00007ff7f2ce0000 	C:\Program Files\Java\jdk-24\bin\java.exe
0x00007ffba4050000 - 0x00007ffba4267000 	C:\Windows\SYSTEM32\ntdll.dll
0x00007ffba2700000 - 0x00007ffba27c4000 	C:\Windows\System32\KERNEL32.DLL
0x00007ffba1580000 - 0x00007ffba1953000 	C:\Windows\System32\KERNELBASE.dll
0x00007ffba1990000 - 0x00007ffba1aa1000 	C:\Windows\System32\ucrtbase.dll
0x00007ffb9a540000 - 0x00007ffb9a556000 	C:\Program Files\Java\jdk-24\bin\jli.dll
0x00007ffb9a480000 - 0x00007ffb9a49b000 	C:\Program Files\Java\jdk-24\bin\VCRUNTIME140.dll
0x00007ffba28e0000 - 0x00007ffba2a91000 	C:\Windows\System32\USER32.dll
0x00007ffba1cc0000 - 0x00007ffba1ce6000 	C:\Windows\System32\win32u.dll
0x00007ffb8d9b0000 - 0x00007ffb8dc48000 	C:\Windows\WinSxS\amd64_microsoft.windows.common-controls_6595b64144ccf1df_6.0.22621.5124_none_270e8f4f7386d69d\COMCTL32.dll
0x00007ffba1e20000 - 0x00007ffba1e49000 	C:\Windows\System32\GDI32.dll
0x00007ffba39d0000 - 0x00007ffba3a77000 	C:\Windows\System32\msvcrt.dll
0x00007ffba1160000 - 0x00007ffba127b000 	C:\Windows\System32\gdi32full.dll
0x00007ffba1c20000 - 0x00007ffba1cba000 	C:\Windows\System32\msvcp_win.dll
0x00007ffba3150000 - 0x00007ffba3181000 	C:\Windows\System32\IMM32.DLL
0x00007ffb9c810000 - 0x00007ffb9c81c000 	C:\Program Files\Java\jdk-24\bin\vcruntime140_1.dll
0x00007ffb7ce20000 - 0x00007ffb7ceae000 	C:\Program Files\Java\jdk-24\bin\msvcp140.dll
0x00007ffb38070000 - 0x00007ffb38e12000 	C:\Program Files\Java\jdk-24\bin\server\jvm.dll
0x00007ffba3910000 - 0x00007ffba39c1000 	C:\Windows\System32\ADVAPI32.dll
0x00007ffba1d70000 - 0x00007ffba1e18000 	C:\Windows\System32\sechost.dll
0x00007ffba1960000 - 0x00007ffba1988000 	C:\Windows\System32\bcrypt.dll
0x00007ffba2f50000 - 0x00007ffba3064000 	C:\Windows\System32\RPCRT4.dll
0x00007ffba1cf0000 - 0x00007ffba1d61000 	C:\Windows\System32\WS2_32.dll
0x00007ffba0e80000 - 0x00007ffba0ecd000 	C:\Windows\SYSTEM32\POWRPROF.dll
0x00007ffb9c940000 - 0x00007ffb9c974000 	C:\Windows\SYSTEM32\WINMM.dll
0x00007ffb98d50000 - 0x00007ffb98d5a000 	C:\Windows\SYSTEM32\VERSION.dll
0x00007ffba0e60000 - 0x00007ffba0e73000 	C:\Windows\SYSTEM32\UMPDC.dll
0x00007ffba0150000 - 0x00007ffba0168000 	C:\Windows\SYSTEM32\kernel.appcore.dll
0x00007ffb9bba0000 - 0x00007ffb9bbaa000 	C:\Program Files\Java\jdk-24\bin\jimage.dll
0x00007ffb9e8e0000 - 0x00007ffb9eb12000 	C:\Windows\SYSTEM32\DBGHELP.DLL
0x00007ffba3570000 - 0x00007ffba3902000 	C:\Windows\System32\combase.dll
0x00007ffba3430000 - 0x00007ffba3507000 	C:\Windows\System32\OLEAUT32.dll
0x00007ffb77050000 - 0x00007ffb77082000 	C:\Windows\SYSTEM32\dbgcore.DLL
0x00007ffba1280000 - 0x00007ffba12fb000 	C:\Windows\System32\bcryptPrimitives.dll
0x00007ffb82d30000 - 0x00007ffb82d4e000 	C:\Program Files\Java\jdk-24\bin\java.dll
0x00007ffba3b40000 - 0x00007ffba3ce1000 	C:\Windows\System32\ole32.dll
0x00007ffba1e60000 - 0x00007ffba26f6000 	C:\Windows\System32\SHELL32.dll
0x00007ffba1300000 - 0x00007ffba143f000 	C:\Windows\System32\wintypes.dll
0x00007ffb9f030000 - 0x00007ffb9f94a000 	C:\Windows\SYSTEM32\windows.storage.dll
0x00007ffba32a0000 - 0x00007ffba33aa000 	C:\Windows\System32\SHCORE.dll
0x00007ffba30c0000 - 0x00007ffba3123000 	C:\Windows\System32\shlwapi.dll
0x00007ffba1090000 - 0x00007ffba10bb000 	C:\Windows\SYSTEM32\profapi.dll
0x00007ffb82c50000 - 0x00007ffb82d27000 	C:\Program Files\Java\jdk-24\bin\jsvml.dll
0x00007ffb9a410000 - 0x00007ffb9a420000 	C:\Program Files\Java\jdk-24\bin\net.dll
0x00007ffba05c0000 - 0x00007ffba062a000 	C:\Windows\system32\mswsock.dll
0x00007ffb82c30000 - 0x00007ffb82c46000 	C:\Program Files\Java\jdk-24\bin\nio.dll
0x00007ffb82c10000 - 0x00007ffb82c27000 	C:\Program Files\Java\jdk-24\bin\zip.dll
0x000001ba56930000 - 0x000001ba56934000 	C:\openjfx-24.0.1_windows-x64_bin-sdk (1)extract\javafx-sdk-24.0.1\bin\api-ms-win-core-console-l1-1-0.dll
0x000001ba56940000 - 0x000001ba56944000 	C:\openjfx-24.0.1_windows-x64_bin-sdk (1)extract\javafx-sdk-24.0.1\bin\api-ms-win-core-console-l1-2-0.dll
0x000001ba56950000 - 0x000001ba56954000 	C:\openjfx-24.0.1_windows-x64_bin-sdk (1)extract\javafx-sdk-24.0.1\bin\api-ms-win-core-datetime-l1-1-0.dll
0x000001ba56960000 - 0x000001ba56964000 	C:\openjfx-24.0.1_windows-x64_bin-sdk (1)extract\javafx-sdk-24.0.1\bin\api-ms-win-core-debug-l1-1-0.dll
0x000001ba56970000 - 0x000001ba56974000 	C:\openjfx-24.0.1_windows-x64_bin-sdk (1)extract\javafx-sdk-24.0.1\bin\api-ms-win-core-errorhandling-l1-1-0.dll
0x000001ba56980000 - 0x000001ba56985000 	C:\openjfx-24.0.1_windows-x64_bin-sdk (1)extract\javafx-sdk-24.0.1\bin\api-ms-win-core-file-l1-1-0.dll
0x000001ba56990000 - 0x000001ba56994000 	C:\openjfx-24.0.1_windows-x64_bin-sdk (1)extract\javafx-sdk-24.0.1\bin\api-ms-win-core-file-l1-2-0.dll
0x000001ba569a0000 - 0x000001ba569a4000 	C:\openjfx-24.0.1_windows-x64_bin-sdk (1)extract\javafx-sdk-24.0.1\bin\api-ms-win-core-file-l2-1-0.dll
0x000001ba569b0000 - 0x000001ba569b4000 	C:\openjfx-24.0.1_windows-x64_bin-sdk (1)extract\javafx-sdk-24.0.1\bin\api-ms-win-core-handle-l1-1-0.dll
0x000001ba569c0000 - 0x000001ba569c4000 	C:\openjfx-24.0.1_windows-x64_bin-sdk (1)extract\javafx-sdk-24.0.1\bin\api-ms-win-core-heap-l1-1-0.dll
0x000001ba569d0000 - 0x000001ba569d4000 	C:\openjfx-24.0.1_windows-x64_bin-sdk (1)extract\javafx-sdk-24.0.1\bin\api-ms-win-core-interlocked-l1-1-0.dll
0x000001ba569e0000 - 0x000001ba569e4000 	C:\openjfx-24.0.1_windows-x64_bin-sdk (1)extract\javafx-sdk-24.0.1\bin\api-ms-win-core-libraryloader-l1-1-0.dll
0x000001ba569f0000 - 0x000001ba569f4000 	C:\openjfx-24.0.1_windows-x64_bin-sdk (1)extract\javafx-sdk-24.0.1\bin\api-ms-win-core-localization-l1-2-0.dll
0x000001ba56a00000 - 0x000001ba56a04000 	C:\openjfx-24.0.1_windows-x64_bin-sdk (1)extract\javafx-sdk-24.0.1\bin\api-ms-win-core-memory-l1-1-0.dll
0x000001ba56a10000 - 0x000001ba56a14000 	C:\openjfx-24.0.1_windows-x64_bin-sdk (1)extract\javafx-sdk-24.0.1\bin\api-ms-win-core-namedpipe-l1-1-0.dll
0x000001ba56a20000 - 0x000001ba56a24000 	C:\openjfx-24.0.1_windows-x64_bin-sdk (1)extract\javafx-sdk-24.0.1\bin\api-ms-win-core-processenvironment-l1-1-0.dll
0x000001ba56a30000 - 0x000001ba56a34000 	C:\openjfx-24.0.1_windows-x64_bin-sdk (1)extract\javafx-sdk-24.0.1\bin\api-ms-win-core-processthreads-l1-1-0.dll
0x000001ba56a40000 - 0x000001ba56a44000 	C:\openjfx-24.0.1_windows-x64_bin-sdk (1)extract\javafx-sdk-24.0.1\bin\api-ms-win-core-processthreads-l1-1-1.dll
0x000001ba56a50000 - 0x000001ba56a54000 	C:\openjfx-24.0.1_windows-x64_bin-sdk (1)extract\javafx-sdk-24.0.1\bin\api-ms-win-core-profile-l1-1-0.dll
0x000001ba56a60000 - 0x000001ba56a64000 	C:\openjfx-24.0.1_windows-x64_bin-sdk (1)extract\javafx-sdk-24.0.1\bin\api-ms-win-core-rtlsupport-l1-1-0.dll
0x000001ba56a70000 - 0x000001ba56a74000 	C:\openjfx-24.0.1_windows-x64_bin-sdk (1)extract\javafx-sdk-24.0.1\bin\api-ms-win-core-string-l1-1-0.dll
0x000001ba56a80000 - 0x000001ba56a84000 	C:\openjfx-24.0.1_windows-x64_bin-sdk (1)extract\javafx-sdk-24.0.1\bin\api-ms-win-core-synch-l1-1-0.dll
0x000001ba56a90000 - 0x000001ba56a94000 	C:\openjfx-24.0.1_windows-x64_bin-sdk (1)extract\javafx-sdk-24.0.1\bin\api-ms-win-core-synch-l1-2-0.dll
0x000001ba56d90000 - 0x000001ba56d94000 	C:\openjfx-24.0.1_windows-x64_bin-sdk (1)extract\javafx-sdk-24.0.1\bin\api-ms-win-core-sysinfo-l1-1-0.dll
0x000001ba56da0000 - 0x000001ba56da4000 	C:\openjfx-24.0.1_windows-x64_bin-sdk (1)extract\javafx-sdk-24.0.1\bin\api-ms-win-core-timezone-l1-1-0.dll
0x000001ba56db0000 - 0x000001ba56db4000 	C:\openjfx-24.0.1_windows-x64_bin-sdk (1)extract\javafx-sdk-24.0.1\bin\api-ms-win-core-util-l1-1-0.dll
0x000001ba56dc0000 - 0x000001ba56dc4000 	C:\openjfx-24.0.1_windows-x64_bin-sdk (1)extract\javafx-sdk-24.0.1\bin\api-ms-win-crt-conio-l1-1-0.dll
0x000001ba56aa0000 - 0x000001ba56aa5000 	C:\openjfx-24.0.1_windows-x64_bin-sdk (1)extract\javafx-sdk-24.0.1\bin\api-ms-win-crt-convert-l1-1-0.dll
0x000001ba56ab0000 - 0x000001ba56ab4000 	C:\openjfx-24.0.1_windows-x64_bin-sdk (1)extract\javafx-sdk-24.0.1\bin\api-ms-win-crt-environment-l1-1-0.dll
0x000001ba56ac0000 - 0x000001ba56ac4000 	C:\openjfx-24.0.1_windows-x64_bin-sdk (1)extract\javafx-sdk-24.0.1\bin\api-ms-win-crt-filesystem-l1-1-0.dll
0x000001ba56ad0000 - 0x000001ba56ad4000 	C:\openjfx-24.0.1_windows-x64_bin-sdk (1)extract\javafx-sdk-24.0.1\bin\api-ms-win-crt-heap-l1-1-0.dll
0x000001ba56ae0000 - 0x000001ba56ae4000 	C:\openjfx-24.0.1_windows-x64_bin-sdk (1)extract\javafx-sdk-24.0.1\bin\api-ms-win-crt-locale-l1-1-0.dll
0x000001ba56af0000 - 0x000001ba56af6000 	C:\openjfx-24.0.1_windows-x64_bin-sdk (1)extract\javafx-sdk-24.0.1\bin\api-ms-win-crt-math-l1-1-0.dll
0x000001ba56b00000 - 0x000001ba56b06000 	C:\openjfx-24.0.1_windows-x64_bin-sdk (1)extract\javafx-sdk-24.0.1\bin\api-ms-win-crt-multibyte-l1-1-0.dll
0x000001ba56b10000 - 0x000001ba56b21000 	C:\openjfx-24.0.1_windows-x64_bin-sdk (1)extract\javafx-sdk-24.0.1\bin\api-ms-win-crt-private-l1-1-0.dll
0x000001ba56b30000 - 0x000001ba56b34000 	C:\openjfx-24.0.1_windows-x64_bin-sdk (1)extract\javafx-sdk-24.0.1\bin\api-ms-win-crt-process-l1-1-0.dll
0x000001ba56b40000 - 0x000001ba56b45000 	C:\openjfx-24.0.1_windows-x64_bin-sdk (1)extract\javafx-sdk-24.0.1\bin\api-ms-win-crt-runtime-l1-1-0.dll
0x000001ba56b50000 - 0x000001ba56b55000 	C:\openjfx-24.0.1_windows-x64_bin-sdk (1)extract\javafx-sdk-24.0.1\bin\api-ms-win-crt-stdio-l1-1-0.dll
0x000001ba56b60000 - 0x000001ba56b65000 	C:\openjfx-24.0.1_windows-x64_bin-sdk (1)extract\javafx-sdk-24.0.1\bin\api-ms-win-crt-string-l1-1-0.dll
0x000001ba56b70000 - 0x000001ba56b74000 	C:\openjfx-24.0.1_windows-x64_bin-sdk (1)extract\javafx-sdk-24.0.1\bin\api-ms-win-crt-time-l1-1-0.dll
0x000001ba56b80000 - 0x000001ba56b84000 	C:\openjfx-24.0.1_windows-x64_bin-sdk (1)extract\javafx-sdk-24.0.1\bin\api-ms-win-crt-utility-l1-1-0.dll
0x00007ffb77390000 - 0x00007ffb774a1000 	C:\openjfx-24.0.1_windows-x64_bin-sdk (1)extract\javafx-sdk-24.0.1\bin\ucrtbase.dll
0x00007ffb9a4f0000 - 0x00007ffb9a50b000 	C:\openjfx-24.0.1_windows-x64_bin-sdk (1)extract\javafx-sdk-24.0.1\bin\vcruntime140.dll
0x00007ffb9a530000 - 0x00007ffb9a53c000 	C:\openjfx-24.0.1_windows-x64_bin-sdk (1)extract\javafx-sdk-24.0.1\bin\vcruntime140_1.dll
0x00007ffb7c4c0000 - 0x00007ffb7c54e000 	C:\openjfx-24.0.1_windows-x64_bin-sdk (1)extract\javafx-sdk-24.0.1\bin\msvcp140.dll
0x00007ffb99d00000 - 0x00007ffb99d09000 	C:\openjfx-24.0.1_windows-x64_bin-sdk (1)extract\javafx-sdk-24.0.1\bin\msvcp140_1.dll
0x00007ffb7c5f0000 - 0x00007ffb7c631000 	C:\openjfx-24.0.1_windows-x64_bin-sdk (1)extract\javafx-sdk-24.0.1\bin\msvcp140_2.dll
0x00007ffb7c490000 - 0x00007ffb7c4c0000 	C:\openjfx-24.0.1_windows-x64_bin-sdk (1)extract\javafx-sdk-24.0.1\bin\prism_d3d.dll
0x00007ffb74970000 - 0x00007ffb74b18000 	C:\Windows\system32\d3d9.dll
0x00007ffb9e480000 - 0x00007ffb9e4ae000 	C:\Windows\SYSTEM32\dwmapi.dll
0x00007ffb9e440000 - 0x00007ffb9e477000 	C:\Windows\SYSTEM32\dxcore.dll
0x00007ffb9e1f0000 - 0x00007ffb9e2a3000 	C:\Windows\system32\uxtheme.dll
0x00007ffb73c10000 - 0x00007ffb73dbd000 	C:\Windows\System32\DriverStore\FileRepository\iigd_dch.inf_amd64_8b084a4c4c96a30f\igdumdim64.dll
0x00007ffb1da80000 - 0x00007ffb20b23000 	C:\Windows\System32\DriverStore\FileRepository\iigd_dch.inf_amd64_8b084a4c4c96a30f\igd9dxva64.dll
0x00007ffba2ad0000 - 0x00007ffba2f44000 	C:\Windows\System32\SETUPAPI.dll
0x00007ffba0dd0000 - 0x00007ffba0e1e000 	C:\Windows\SYSTEM32\cfgmgr32.dll
0x00007ffb95490000 - 0x00007ffb95899000 	C:\Windows\System32\DriverStore\FileRepository\iigd_dch.inf_amd64_8b084a4c4c96a30f\igdgmm64.dll
0x00007ffb99c50000 - 0x00007ffb99c99000 	C:\Windows\SYSTEM32\directxdatabasehelper.dll
0x00007ffb7b050000 - 0x00007ffb7b098000 	C:\openjfx-24.0.1_windows-x64_bin-sdk (1)extract\javafx-sdk-24.0.1\bin\glass.dll
0x00007ffba27d0000 - 0x00007ffba28d3000 	C:\Windows\System32\COMDLG32.dll
0x00007ffba3a80000 - 0x00007ffba3b30000 	C:\Windows\System32\clbcatq.dll
0x00007ffb820e0000 - 0x00007ffb8225d000 	C:\Windows\System32\Windows.UI.dll
0x00007ffb7c240000 - 0x00007ffb7c32d000 	C:\Windows\System32\Windows.Networking.Connectivity.dll
0x00007ffba3cf0000 - 0x00007ffba3e50000 	C:\Windows\System32\MSCTF.dll
0x00007ffb3bb70000 - 0x00007ffb3bb97000 	C:\Windows\System32\DriverStore\FileRepository\iigd_dch.inf_amd64_8b084a4c4c96a30f\igdinfo64.dll
0x00007ffb91cf0000 - 0x00007ffb95484000 	C:\Windows\System32\DriverStore\FileRepository\iigd_dch.inf_amd64_8b084a4c4c96a30f\igc64.dll
0x00007ffb80ca0000 - 0x00007ffb80e15000 	C:\Windows\System32\Windows.UI.Immersive.dll
0x00007ffb9a260000 - 0x00007ffb9a278000 	C:\Windows\System32\npmproxy.dll
0x00007ffb9c4c0000 - 0x00007ffb9c50b000 	C:\Windows\System32\CapabilityAccessManagerClient.dll
0x00007ffb9c850000 - 0x00007ffb9c8d6000 	C:\Windows\SYSTEM32\wlanapi.dll
0x00007ffb9db10000 - 0x00007ffb9db2f000 	C:\Windows\SYSTEM32\MobileNetworking.dll
0x00007ffb9fbb0000 - 0x00007ffb9fbdd000 	C:\Windows\System32\IPHLPAPI.DLL
0x00007ffba33b0000 - 0x00007ffba33b9000 	C:\Windows\System32\NSI.dll
0x00007ffb37170000 - 0x00007ffb37187000 	C:\Windows\System32\dusmapi.dll
0x00007ffb7e080000 - 0x00007ffb7e095000 	C:\openjfx-24.0.1_windows-x64_bin-sdk (1)extract\javafx-sdk-24.0.1\bin\javafx_font.dll
0x00007ffb7ac00000 - 0x00007ffb7ac2d000 	C:\openjfx-24.0.1_windows-x64_bin-sdk (1)extract\javafx-sdk-24.0.1\bin\javafx_iio.dll
0x00007ffb9b1a0000 - 0x00007ffb9b413000 	C:\Windows\SYSTEM32\dwrite.dll
0x00007ffb9e000000 - 0x00007ffb9e1b0000 	C:\Windows\SYSTEM32\WindowsCodecs.dll
0x00007ffb74910000 - 0x00007ffb7496e000 	C:\Windows\system32\dataexchange.dll
0x00007ffb9bf30000 - 0x00007ffb9c1d6000 	C:\Windows\system32\twinapi.appcore.dll
0x00007ffb767d0000 - 0x00007ffb76802000 	C:\Program Files\Common Files\Microsoft Shared\Ink\rtscom.dll

JVMTI agents: none

dbghelp: loaded successfully - version: 4.0.5 - missing functions: none
symbol engine: initialized successfully - sym options: 0x614 - pdb path: .;C:\Program Files\Java\jdk-24\bin;C:\Windows\SYSTEM32;C:\Windows\WinSxS\amd64_microsoft.windows.common-controls_6595b64144ccf1df_6.0.22621.5124_none_270e8f4f7386d69d;C:\Program Files\Java\jdk-24\bin\server;C:\openjfx-24.0.1_windows-x64_bin-sdk (1)extract\javafx-sdk-24.0.1\bin;C:\Windows\System32\DriverStore\FileRepository\iigd_dch.inf_amd64_8b084a4c4c96a30f;C:\Program Files\Common Files\Microsoft Shared\Ink

VM Arguments:
jvm_args: -Dfile.encoding=UTF-8 --module-path=C:\openjfx-24.0.1_windows-x64_bin-sdk (1)extract\javafx-sdk-24.0.1\lib --add-modules=javafx.controls,javafx.fxml,javafx.graphics,javafx.media 
java_command: basmosfood.BasmosFood
java_class_path (initial): C:\openjfx-24.0.1_windows-x64_bin-sdk (1)extract\javafx-sdk-24.0.1\lib\javafx-swt.jar;C:\openjfx-24.0.1_windows-x64_bin-sdk (1)extract\javafx-sdk-24.0.1\lib\javafx.base.jar;C:\openjfx-24.0.1_windows-x64_bin-sdk (1)extract\javafx-sdk-24.0.1\lib\javafx.controls.jar;C:\openjfx-24.0.1_windows-x64_bin-sdk (1)extract\javafx-sdk-24.0.1\lib\javafx.fxml.jar;C:\openjfx-24.0.1_windows-x64_bin-sdk (1)extract\javafx-sdk-24.0.1\lib\javafx.graphics.jar;C:\openjfx-24.0.1_windows-x64_bin-sdk (1)extract\javafx-sdk-24.0.1\lib\javafx.media.jar;C:\openjfx-24.0.1_windows-x64_bin-sdk (1)extract\javafx-sdk-24.0.1\lib\javafx.swing.jar;C:\openjfx-24.0.1_windows-x64_bin-sdk (1)extract\javafx-sdk-24.0.1\lib\javafx.web.jar;C:\openjfx-24.0.1_windows-x64_bin-sdk (1)extract\javafx-sdk-24.0.1\lib\jdk.jsobject.jar;C:\openjfx-24.0.1_windows-x64_bin-sdk (1)extract\javafx-sdk-24.0.1\lib\jfx.incubator.input.jar;C:\openjfx-24.0.1_windows-x64_bin-sdk (1)extract\javafx-sdk-24.0.1\lib\jfx.incubator.richtext.jar;C:\Users\HP\Documents\NetBeansProjects\BasmosFood\build\classes
Launcher Type: SUN_STANDARD

[Global flags]
     intx CICompilerCount                          = 4                                         {product} {ergonomic}
     uint ConcGCThreads                            = 2                                         {product} {ergonomic}
     uint G1ConcRefinementThreads                  = 8                                         {product} {ergonomic}
   size_t G1HeapRegionSize                         = 2097152                                   {product} {ergonomic}
   size_t InitialHeapSize                          = 266338304                                 {product} {ergonomic}
   size_t MarkStackSize                            = 4194304                                   {product} {ergonomic}
   size_t MarkStackSizeMax                         = 536870912                                 {product} {ergonomic}
   size_t MaxHeapSize                              = 4246732800                                {product} {ergonomic}
   size_t MaxNewSize                               = 2548039680                                {product} {ergonomic}
   size_t MinHeapDeltaBytes                        = 2097152                                   {product} {ergonomic}
   size_t MinHeapSize                              = 8388608                                   {product} {ergonomic}
    uintx NonNMethodCodeHeapSize                   = 5832704                                {pd product} {ergonomic}
    uintx NonProfiledCodeHeapSize                  = 122945536                              {pd product} {ergonomic}
    uintx ProfiledCodeHeapSize                     = 122880000                              {pd product} {ergonomic}
    uintx ReservedCodeCacheSize                    = 251658240                              {pd product} {ergonomic}
     bool SegmentedCodeCache                       = true                                      {product} {ergonomic}
   size_t SoftMaxHeapSize                          = 4246732800                             {manageable} {ergonomic}
     bool UseCompressedOops                        = true                           {product lp64_product} {ergonomic}
     bool UseG1GC                                  = true                                      {product} {ergonomic}
     bool UseLargePagesIndividualAllocation        = false                                  {pd product} {ergonomic}

Logging:
Log output configuration:
 #0: stdout all=warning uptime,level,tags foldmultilines=false
 #1: stderr all=off uptime,level,tags foldmultilines=false

Environment Variables:
PATH=C:\Program Files\OpenLogic\jre-17.0.14.7-hotspot\bin;C:\Program Files\Common Files\Oracle\Java\javapath;C:\Windows\system32;C:\Windows;C:\Windows\System32\Wbem;C:\Windows\System32\WindowsPowerShell\v1.0\;C:\Windows\System32\OpenSSH\;C:\Users\HP\AppData\Local\Microsoft\WindowsApps;c:\Program Files\Java\jdk-21\bin;C:\Program Files\Java\jdk-21\bin;
USERNAME=HP
OS=Windows_NT
PROCESSOR_IDENTIFIER=Intel64 Family 6 Model 142 Stepping 12, GenuineIntel
TMP=C:\Users\HP\AppData\Local\Temp
TEMP=C:\Users\HP\AppData\Local\Temp




Periodic native trim disabled

---------------  S Y S T E M  ---------------

OS:
 Windows 11 , 64 bit Build 22621 (10.0.22621.5124)
OS uptime: 0 days 13:52 hours
Hyper-V role detected

CPU: total 8 (initial active 8) (4 cores per cpu, 2 threads per core) family 6 model 142 stepping 12 microcode 0xfc, cx8, cmov, fxsr, ht, mmx, 3dnowpref, sse, sse2, sse3, ssse3, sse4.1, sse4.2, popcnt, lzcnt, tsc, tscinvbit, avx, avx2, aes, erms, clmul, bmi1, bmi2, adx, fma, vzeroupper, clflush, clflushopt, hv, rdtscp, f16c
Processor Information for processor 0
  Max Mhz: 1992, Current Mhz: 1494, Mhz Limit: 1792
Processor Information for processor 1
  Max Mhz: 1992, Current Mhz: 1494, Mhz Limit: 1792
Processor Information for processor 2
  Max Mhz: 1992, Current Mhz: 1494, Mhz Limit: 1792
Processor Information for processor 3
  Max Mhz: 1992, Current Mhz: 1494, Mhz Limit: 1792
Processor Information for processor 4
  Max Mhz: 1992, Current Mhz: 1494, Mhz Limit: 1792
Processor Information for processor 5
  Max Mhz: 1992, Current Mhz: 1792, Mhz Limit: 1792
Processor Information for processor 6
  Max Mhz: 1992, Current Mhz: 1494, Mhz Limit: 1792
Processor Information for processor 7
  Max Mhz: 1992, Current Mhz: 1494, Mhz Limit: 1792

Memory: 4k page, system-wide physical 16198M (10220M free)
TotalPageFile size 17222M (AvailPageFile size 11179M)
current process WorkingSet (physical memory assigned to process): 279M, peak: 284M
current process commit charge ("private bytes"): 469M, peak: 501M

vm_info: Java HotSpot(TM) 64-Bit Server VM (24.0.1+9-30) for windows-amd64 JRE (24.0.1+9-30), built on 2025-03-05T07:23:45Z with MS VC++ 17.6 (VS2022)

END.
